[2025-08-12T20:30:43.856+0000] {local_task_job_runner.py:120} INFO - ::group::Pre task execution logs
[2025-08-12T20:30:43.981+0000] {taskinstance.py:2076} INFO - Dependencies all met for dep_context=non-requeueable deps ti=<TaskInstance: ml_pipeline_dvc.setup_dvc_remote manual__2025-08-12T20:30:41.815092+00:00 [queued]>
[2025-08-12T20:30:44.009+0000] {taskinstance.py:2076} INFO - Dependencies all met for dep_context=requeueable deps ti=<TaskInstance: ml_pipeline_dvc.setup_dvc_remote manual__2025-08-12T20:30:41.815092+00:00 [queued]>
[2025-08-12T20:30:44.013+0000] {taskinstance.py:2306} INFO - Starting attempt 1 of 2
[2025-08-12T20:30:44.067+0000] {taskinstance.py:2330} INFO - Executing <Task(BashOperator): setup_dvc_remote> on 2025-08-12 20:30:41.815092+00:00
[2025-08-12T20:30:44.087+0000] {warnings.py:110} WARNING - /home/***/.local/lib/python3.12/site-packages/***/task/task_runner/standard_task_runner.py:61: DeprecationWarning: This process (pid=102) is multi-threaded, use of fork() may lead to deadlocks in the child.
  pid = os.fork()

[2025-08-12T20:30:44.093+0000] {standard_task_runner.py:63} INFO - Started process 103 to run task
[2025-08-12T20:30:44.092+0000] {standard_task_runner.py:90} INFO - Running: ['***', 'tasks', 'run', 'ml_pipeline_dvc', 'setup_dvc_remote', 'manual__2025-08-12T20:30:41.815092+00:00', '--job-id', '168', '--raw', '--subdir', 'DAGS_FOLDER/train_pipeline_dag.py', '--cfg-path', '/tmp/tmpddsj1d56']
[2025-08-12T20:30:44.096+0000] {standard_task_runner.py:91} INFO - Job 168: Subtask setup_dvc_remote
[2025-08-12T20:30:44.344+0000] {task_command.py:426} INFO - Running <TaskInstance: ml_pipeline_dvc.setup_dvc_remote manual__2025-08-12T20:30:41.815092+00:00 [running]> on host 134dd3b4dfb6
[2025-08-12T20:30:44.780+0000] {taskinstance.py:2648} INFO - Exporting env vars: AIRFLOW_CTX_DAG_OWNER='yas' AIRFLOW_CTX_DAG_ID='ml_pipeline_dvc' AIRFLOW_CTX_TASK_ID='setup_dvc_remote' AIRFLOW_CTX_EXECUTION_DATE='2025-08-12T20:30:41.815092+00:00' AIRFLOW_CTX_TRY_NUMBER='1' AIRFLOW_CTX_DAG_RUN_ID='manual__2025-08-12T20:30:41.815092+00:00'
[2025-08-12T20:30:44.783+0000] {taskinstance.py:430} INFO - ::endgroup::
[2025-08-12T20:30:44.860+0000] {subprocess.py:63} INFO - Tmp dir root location: /tmp
[2025-08-12T20:30:44.868+0000] {subprocess.py:75} INFO - Running command: ['/usr/bin/bash', '-c', '\n        cd /opt/***/ml_pipeline\n        aws --endpoint-url http://minio:9000 s3 ls s3://mlflow-artifacts\n        dvc remote remove minio || true\n        dvc remote add -d minio s3://mlflow-artifacts\n        dvc remote modify minio endpointurl http://minio:9000\n        dvc remote modify minio access_key_id minioadmin\n        dvc remote modify minio secret_access_key minioadmin\n        dvc remote modify minio use_ssl false\n        export AWS_ACCESS_KEY_ID=minioadmin\n        export AWS_SECRET_ACCESS_KEY=minioadmin\n        export AWS_ENDPOINT_URL=http://minio:9000\n        dvc push --verbose\n        echo "=== DVC CONFIG AFTER SETUP ==="\n        cat .dvc/config\n        dvc repro preprocess -v\n        ']
[2025-08-12T20:30:44.898+0000] {subprocess.py:86} INFO - Output:
[2025-08-12T20:30:47.108+0000] {subprocess.py:93} INFO -                            PRE data/
[2025-08-12T20:30:47.109+0000] {subprocess.py:93} INFO -                            PRE metadata/
[2025-08-12T20:30:48.405+0000] {subprocess.py:93} INFO - ERROR: configuration error - config file error: expected 'url' for dictionary value @ data['remote']['minio']
[2025-08-12T20:30:49.935+0000] {subprocess.py:93} INFO - Setting 'minio' as a default remote.
[2025-08-12T20:30:57.372+0000] {subprocess.py:93} INFO - 2025-08-12 20:30:57,372 DEBUG: v3.61.0 (pip), CPython 3.12.3 on Linux-6.6.31-linuxkit-x86_64-with-glibc2.36
[2025-08-12T20:30:57.375+0000] {subprocess.py:93} INFO - 2025-08-12 20:30:57,372 DEBUG: command: /home/***/.local/bin/dvc push --verbose
[2025-08-12T20:30:58.397+0000] {subprocess.py:93} INFO - 2025-08-12 20:30:58,397 DEBUG: Lockfile 'dvc.lock' needs to be updated.
[2025-08-12T20:30:59.517+0000] {subprocess.py:93} INFO - Everything is up to date.
[2025-08-12T20:30:59.523+0000] {subprocess.py:93} INFO - 2025-08-12 20:30:59,523 DEBUG: Analytics is enabled.
[2025-08-12T20:30:59.608+0000] {subprocess.py:93} INFO - 2025-08-12 20:30:59,608 DEBUG: Trying to spawn ['daemon', 'analytics', '/tmp/tmpjm4reem2', '-v']
[2025-08-12T20:30:59.620+0000] {subprocess.py:93} INFO - 2025-08-12 20:30:59,618 DEBUG: Spawned ['daemon', 'analytics', '/tmp/tmpjm4reem2', '-v'] with pid 231
[2025-08-12T20:30:59.829+0000] {subprocess.py:93} INFO - === DVC CONFIG AFTER SETUP ===
[2025-08-12T20:30:59.833+0000] {subprocess.py:93} INFO - [core]
[2025-08-12T20:30:59.834+0000] {subprocess.py:93} INFO -     remote = minio
[2025-08-12T20:30:59.834+0000] {subprocess.py:93} INFO - ['remote "minio"']
[2025-08-12T20:30:59.835+0000] {subprocess.py:93} INFO -     url = s3://mlflow-artifacts
[2025-08-12T20:30:59.835+0000] {subprocess.py:93} INFO -     endpointurl = http://minio:9000
[2025-08-12T20:30:59.836+0000] {subprocess.py:93} INFO -     access_key_id = minioadmin
[2025-08-12T20:30:59.836+0000] {subprocess.py:93} INFO -     secret_access_key = minioadmin
[2025-08-12T20:30:59.837+0000] {subprocess.py:93} INFO -     use_ssl = false
[2025-08-12T20:31:00.374+0000] {subprocess.py:93} INFO - 2025-08-12 20:31:00,373 DEBUG: v3.61.0 (pip), CPython 3.12.3 on Linux-6.6.31-linuxkit-x86_64-with-glibc2.36
[2025-08-12T20:31:00.375+0000] {subprocess.py:93} INFO - 2025-08-12 20:31:00,374 DEBUG: command: /home/***/.local/bin/dvc repro preprocess -v
[2025-08-12T20:31:01.059+0000] {subprocess.py:93} INFO - 2025-08-12 20:31:01,059 DEBUG: Assuming 'preprocess' to be a stage inside 'dvc.yaml'
[2025-08-12T20:31:01.199+0000] {subprocess.py:93} INFO - 2025-08-12 20:31:01,199 DEBUG: Lockfile 'dvc.lock' needs to be updated.
[2025-08-12T20:31:03.385+0000] {subprocess.py:93} INFO - 2025-08-12 20:31:03,385 DEBUG: Dependency 's3://mlflow-artifacts/metadata/version_meta.json' of stage: 'preprocess' changed because it is 'modified'.
[2025-08-12T20:31:03.389+0000] {subprocess.py:93} INFO - 2025-08-12 20:31:03,388 DEBUG: stage: 'preprocess' changed.
[2025-08-12T20:31:03.419+0000] {subprocess.py:93} INFO - 2025-08-12 20:31:03,419 DEBUG: Dependency 's3://mlflow-artifacts/metadata/version_meta.json' of stage: 'preprocess' changed because it is 'modified'.
[2025-08-12T20:31:03.423+0000] {subprocess.py:93} INFO - 2025-08-12 20:31:03,423 DEBUG: stage: 'preprocess' changed.
[2025-08-12T20:31:03.432+0000] {subprocess.py:93} INFO - 2025-08-12 20:31:03,432 DEBUG: Removing output 's3://mlflow-artifacts/preprocess/v20250812_203000/pipeline.pkl' of stage: 'preprocess'.
[2025-08-12T20:31:03.688+0000] {subprocess.py:93} INFO - 2025-08-12 20:31:03,687 DEBUG: Removing output 's3://mlflow-artifacts/preprocess/v20250812_203000/preprocess_metadata.json' of stage: 'preprocess'.
[2025-08-12T20:31:04.188+0000] {subprocess.py:93} INFO - 2025-08-12 20:31:04,187 DEBUG: built tree 'object bd51001958dbd5cac1d3c3b84a7ffb35.dir'
[2025-08-12T20:31:04.204+0000] {subprocess.py:93} INFO - Running stage 'preprocess':
[2025-08-12T20:31:04.205+0000] {subprocess.py:93} INFO - > python preprocessing/preprocess_task.py
[2025-08-12T20:31:07.144+0000] {subprocess.py:93} INFO - {"asctime": "2025-08-12 20:31:07,086", "levelname": "INFO", "name": "preprocessing_pipeline", "trace_id": null, "span_id": null, "message": "version_meta.json loaded!"}
[2025-08-12T20:31:07.175+0000] {subprocess.py:93} INFO - {"asctime": "2025-08-12 20:31:07,175", "levelname": "INFO", "name": "preprocessing_pipeline", "trace_id": null, "span_id": null, "message": "preprocessor trained!"}
[2025-08-12T20:31:07.191+0000] {subprocess.py:93} INFO - {"asctime": "2025-08-12 20:31:07,191", "levelname": "INFO", "name": "preprocessing_pipeline", "trace_id": null, "span_id": null, "message": "preprocessor saved to s3://mlflow-artifacts/preprocess/v20250812_203000/pipeline.pkl!"}
[2025-08-12T20:31:07.222+0000] {subprocess.py:93} INFO - {"asctime": "2025-08-12 20:31:07,222", "levelname": "INFO", "name": "preprocessing_pipeline", "trace_id": null, "span_id": null, "message": "\u2705 Saved pipeline at: s3://mlflow-artifacts/s3://mlflow-artifacts/preprocess/v20250812_203000/pipeline.pkl"}
[2025-08-12T20:31:07.223+0000] {subprocess.py:93} INFO - {"asctime": "2025-08-12 20:31:07,222", "levelname": "INFO", "name": "preprocessing_pipeline", "trace_id": null, "span_id": null, "message": "\ud83d\udcc4 Saved metadata: s3://mlflow-artifacts/s3://mlflow-artifacts/preprocess/v20250812_203000/preprocess_metadata.json"}
[2025-08-12T20:31:07.224+0000] {subprocess.py:93} INFO - {"asctime": "2025-08-12 20:31:07,222", "levelname": "INFO", "name": "preprocessing_pipeline", "trace_id": null, "span_id": null, "message": "\ud83d\udce6 Updated version_meta.json"}
[2025-08-12T20:31:07.616+0000] {subprocess.py:93} INFO - 2025-08-12 20:31:07,616 DEBUG: built tree 'object bd51001958dbd5cac1d3c3b84a7ffb35.dir'
[2025-08-12T20:31:07.659+0000] {subprocess.py:93} INFO - 2025-08-12 20:31:07,650 ERROR: failed to reproduce 'preprocess': Saving cached external output s3://mlflow-artifacts/preprocess/v20250812_203000/pipeline.pkl is not supported since DVC 3.0. See <https://dvc.org/doc/user-guide/upgrade> for more info.
[2025-08-12T20:31:07.659+0000] {subprocess.py:93} INFO - Traceback (most recent call last):
[2025-08-12T20:31:07.660+0000] {subprocess.py:93} INFO -   File "/home/***/.local/lib/python3.12/site-packages/dvc/repo/reproduce.py", line 187, in _reproduce
[2025-08-12T20:31:07.660+0000] {subprocess.py:93} INFO -     ret = repro_fn(stage, upstream=upstream, force=force_stage, **kwargs)
[2025-08-12T20:31:07.661+0000] {subprocess.py:93} INFO -           ^^^^^^^^^^^^^^^^^^^^^^^^^^^^^^^^^^^^^^^^^^^^^^^^^^^^^^^^^^^^^^^
[2025-08-12T20:31:07.661+0000] {subprocess.py:93} INFO -   File "/home/***/.local/lib/python3.12/site-packages/dvc/repo/reproduce.py", line 117, in _reproduce_stage
[2025-08-12T20:31:07.662+0000] {subprocess.py:93} INFO -     ret = stage.reproduce(**kwargs)
[2025-08-12T20:31:07.662+0000] {subprocess.py:93} INFO -           ^^^^^^^^^^^^^^^^^^^^^^^^^
[2025-08-12T20:31:07.663+0000] {subprocess.py:93} INFO -   File "/home/***/.local/lib/python3.12/site-packages/funcy/decorators.py", line 47, in wrapper
[2025-08-12T20:31:07.664+0000] {subprocess.py:93} INFO -     return deco(call, *dargs, **dkwargs)
[2025-08-12T20:31:07.664+0000] {subprocess.py:93} INFO -            ^^^^^^^^^^^^^^^^^^^^^^^^^^^^^
[2025-08-12T20:31:07.665+0000] {subprocess.py:93} INFO -   File "/home/***/.local/lib/python3.12/site-packages/dvc/stage/decorators.py", line 44, in rwlocked
[2025-08-12T20:31:07.665+0000] {subprocess.py:93} INFO -     return call()
[2025-08-12T20:31:07.666+0000] {subprocess.py:93} INFO -            ^^^^^^
[2025-08-12T20:31:07.666+0000] {subprocess.py:93} INFO -   File "/home/***/.local/lib/python3.12/site-packages/funcy/decorators.py", line 68, in __call__
[2025-08-12T20:31:07.667+0000] {subprocess.py:93} INFO -     return self._func(*self._args, **self._kwargs)
[2025-08-12T20:31:07.667+0000] {subprocess.py:93} INFO -            ^^^^^^^^^^^^^^^^^^^^^^^^^^^^^^^^^^^^^^^
[2025-08-12T20:31:07.668+0000] {subprocess.py:93} INFO -   File "/home/***/.local/lib/python3.12/site-packages/dvc/stage/__init__.py", line 448, in reproduce
[2025-08-12T20:31:07.668+0000] {subprocess.py:93} INFO -     self.run(**kwargs)
[2025-08-12T20:31:07.669+0000] {subprocess.py:93} INFO -   File "/home/***/.local/lib/python3.12/site-packages/funcy/decorators.py", line 47, in wrapper
[2025-08-12T20:31:07.669+0000] {subprocess.py:93} INFO -     return deco(call, *dargs, **dkwargs)
[2025-08-12T20:31:07.670+0000] {subprocess.py:93} INFO -            ^^^^^^^^^^^^^^^^^^^^^^^^^^^^^
[2025-08-12T20:31:07.670+0000] {subprocess.py:93} INFO -   File "/home/***/.local/lib/python3.12/site-packages/dvc/stage/decorators.py", line 44, in rwlocked
[2025-08-12T20:31:07.671+0000] {subprocess.py:93} INFO -     return call()
[2025-08-12T20:31:07.671+0000] {subprocess.py:93} INFO -            ^^^^^^
[2025-08-12T20:31:07.672+0000] {subprocess.py:93} INFO -   File "/home/***/.local/lib/python3.12/site-packages/funcy/decorators.py", line 68, in __call__
[2025-08-12T20:31:07.672+0000] {subprocess.py:93} INFO -     return self._func(*self._args, **self._kwargs)
[2025-08-12T20:31:07.673+0000] {subprocess.py:93} INFO -            ^^^^^^^^^^^^^^^^^^^^^^^^^^^^^^^^^^^^^^^
[2025-08-12T20:31:07.673+0000] {subprocess.py:93} INFO -   File "/home/***/.local/lib/python3.12/site-packages/dvc/stage/__init__.py", line 629, in run
[2025-08-12T20:31:07.674+0000] {subprocess.py:93} INFO -     self.save(
[2025-08-12T20:31:07.675+0000] {subprocess.py:93} INFO -   File "/home/***/.local/lib/python3.12/site-packages/dvc/stage/__init__.py", line 495, in save
[2025-08-12T20:31:07.676+0000] {subprocess.py:93} INFO -     self.save_outs(allow_missing=allow_missing)
[2025-08-12T20:31:07.677+0000] {subprocess.py:93} INFO -   File "/home/***/.local/lib/python3.12/site-packages/dvc/stage/__init__.py", line 533, in save_outs
[2025-08-12T20:31:07.678+0000] {subprocess.py:93} INFO -     out.save()
[2025-08-12T20:31:07.679+0000] {subprocess.py:93} INFO -   File "/home/***/.local/lib/python3.12/site-packages/dvc/output.py", line 677, in save
[2025-08-12T20:31:07.680+0000] {subprocess.py:93} INFO -     raise DvcException(
[2025-08-12T20:31:07.680+0000] {subprocess.py:93} INFO - dvc.exceptions.DvcException: Saving cached external output s3://mlflow-artifacts/preprocess/v20250812_203000/pipeline.pkl is not supported since DVC 3.0. See <https://dvc.org/doc/user-guide/upgrade> for more info.
[2025-08-12T20:31:07.681+0000] {subprocess.py:93} INFO - 
[2025-08-12T20:31:07.682+0000] {subprocess.py:93} INFO - The above exception was the direct cause of the following exception:
[2025-08-12T20:31:07.682+0000] {subprocess.py:93} INFO - 
[2025-08-12T20:31:07.683+0000] {subprocess.py:93} INFO - Traceback (most recent call last):
[2025-08-12T20:31:07.683+0000] {subprocess.py:93} INFO -   File "/home/***/.local/lib/python3.12/site-packages/dvc/cli/__init__.py", line 211, in main
[2025-08-12T20:31:07.684+0000] {subprocess.py:93} INFO -     ret = cmd.do_run()
[2025-08-12T20:31:07.685+0000] {subprocess.py:93} INFO -           ^^^^^^^^^^^^
[2025-08-12T20:31:07.685+0000] {subprocess.py:93} INFO -   File "/home/***/.local/lib/python3.12/site-packages/dvc/cli/command.py", line 30, in do_run
[2025-08-12T20:31:07.686+0000] {subprocess.py:93} INFO -     return self.run()
[2025-08-12T20:31:07.686+0000] {subprocess.py:93} INFO -            ^^^^^^^^^^
[2025-08-12T20:31:07.687+0000] {subprocess.py:93} INFO -   File "/home/***/.local/lib/python3.12/site-packages/dvc/commands/repro.py", line 11, in run
[2025-08-12T20:31:07.688+0000] {subprocess.py:93} INFO -     stages = self.repo.reproduce(**self._common_kwargs, **self._repro_kwargs)
[2025-08-12T20:31:07.689+0000] {subprocess.py:93} INFO -              ^^^^^^^^^^^^^^^^^^^^^^^^^^^^^^^^^^^^^^^^^^^^^^^^^^^^^^^^^^^^^^^^
[2025-08-12T20:31:07.690+0000] {subprocess.py:93} INFO -   File "/home/***/.local/lib/python3.12/site-packages/dvc/repo/__init__.py", line 58, in wrapper
[2025-08-12T20:31:07.690+0000] {subprocess.py:93} INFO -     return f(repo, *args, **kwargs)
[2025-08-12T20:31:07.691+0000] {subprocess.py:93} INFO -            ^^^^^^^^^^^^^^^^^^^^^^^^
[2025-08-12T20:31:07.692+0000] {subprocess.py:93} INFO -   File "/home/***/.local/lib/python3.12/site-packages/dvc/repo/scm_context.py", line 143, in run
[2025-08-12T20:31:07.692+0000] {subprocess.py:93} INFO -     return method(repo, *args, **kw)
[2025-08-12T20:31:07.693+0000] {subprocess.py:93} INFO -            ^^^^^^^^^^^^^^^^^^^^^^^^^
[2025-08-12T20:31:07.693+0000] {subprocess.py:93} INFO -   File "/home/***/.local/lib/python3.12/site-packages/dvc/repo/reproduce.py", line 248, in reproduce
[2025-08-12T20:31:07.694+0000] {subprocess.py:93} INFO -     return _reproduce(steps, graph=graph, on_error=on_error or "fail", **kwargs)
[2025-08-12T20:31:07.695+0000] {subprocess.py:93} INFO -            ^^^^^^^^^^^^^^^^^^^^^^^^^^^^^^^^^^^^^^^^^^^^^^^^^^^^^^^^^^^^^^^^^^^^^
[2025-08-12T20:31:07.695+0000] {subprocess.py:93} INFO -   File "/home/***/.local/lib/python3.12/site-packages/dvc/repo/reproduce.py", line 191, in _reproduce
[2025-08-12T20:31:07.696+0000] {subprocess.py:93} INFO -     _raise_error(exc, stage)
[2025-08-12T20:31:07.697+0000] {subprocess.py:93} INFO -   File "/home/***/.local/lib/python3.12/site-packages/dvc/repo/reproduce.py", line 155, in _raise_error
[2025-08-12T20:31:07.698+0000] {subprocess.py:93} INFO -     raise ReproductionError(f"failed to reproduce{segment} {names}") from exc
[2025-08-12T20:31:07.699+0000] {subprocess.py:93} INFO - dvc.exceptions.ReproductionError: failed to reproduce 'preprocess'
[2025-08-12T20:31:07.700+0000] {subprocess.py:93} INFO - 
[2025-08-12T20:31:07.700+0000] {subprocess.py:93} INFO - 2025-08-12 20:31:07,664 DEBUG: Analytics is enabled.
[2025-08-12T20:31:07.779+0000] {subprocess.py:93} INFO - 2025-08-12 20:31:07,778 DEBUG: Trying to spawn ['daemon', 'analytics', '/tmp/tmpdw4afnz1', '-v']
[2025-08-12T20:31:07.789+0000] {subprocess.py:93} INFO - 2025-08-12 20:31:07,789 DEBUG: Spawned ['daemon', 'analytics', '/tmp/tmpdw4afnz1', '-v'] with pid 291
[2025-08-12T20:31:08.271+0000] {subprocess.py:97} INFO - Command exited with return code 255
[2025-08-12T20:31:08.273+0000] {taskinstance.py:441} INFO - ::group::Post task execution logs
[2025-08-12T20:31:08.288+0000] {taskinstance.py:2905} ERROR - Task failed with exception
Traceback (most recent call last):
  File "/home/airflow/.local/lib/python3.12/site-packages/airflow/models/taskinstance.py", line 465, in _execute_task
    result = _execute_callable(context=context, **execute_callable_kwargs)
             ^^^^^^^^^^^^^^^^^^^^^^^^^^^^^^^^^^^^^^^^^^^^^^^^^^^^^^^^^^^^^
  File "/home/airflow/.local/lib/python3.12/site-packages/airflow/models/taskinstance.py", line 432, in _execute_callable
    return execute_callable(context=context, **execute_callable_kwargs)
           ^^^^^^^^^^^^^^^^^^^^^^^^^^^^^^^^^^^^^^^^^^^^^^^^^^^^^^^^^^^^
  File "/home/airflow/.local/lib/python3.12/site-packages/airflow/models/baseoperator.py", line 400, in wrapper
    return func(self, *args, **kwargs)
           ^^^^^^^^^^^^^^^^^^^^^^^^^^^
  File "/home/airflow/.local/lib/python3.12/site-packages/airflow/operators/bash.py", line 243, in execute
    raise AirflowException(
airflow.exceptions.AirflowException: Bash command failed. The command returned a non-zero exit code 255.
[2025-08-12T20:31:08.296+0000] {taskinstance.py:1206} INFO - Marking task as UP_FOR_RETRY. dag_id=ml_pipeline_dvc, task_id=setup_dvc_remote, run_id=manual__2025-08-12T20:30:41.815092+00:00, execution_date=20250812T203041, start_date=20250812T203043, end_date=20250812T203108
[2025-08-12T20:31:08.321+0000] {standard_task_runner.py:110} ERROR - Failed to execute job 168 for task setup_dvc_remote (Bash command failed. The command returned a non-zero exit code 255.; 103)
[2025-08-12T20:31:08.370+0000] {local_task_job_runner.py:240} INFO - Task exited with return code 1
[2025-08-12T20:31:08.400+0000] {taskinstance.py:3498} INFO - 0 downstream tasks scheduled from follow-on schedule check
[2025-08-12T20:31:08.402+0000] {local_task_job_runner.py:222} INFO - ::endgroup::
