[2025-08-12T18:37:01.752+0000] {local_task_job_runner.py:120} INFO - ::group::Pre task execution logs
[2025-08-12T18:37:01.803+0000] {taskinstance.py:2076} INFO - Dependencies all met for dep_context=non-requeueable deps ti=<TaskInstance: ml_pipeline_dvc.setup_dvc_remote manual__2025-08-12T18:31:32.153445+00:00 [queued]>
[2025-08-12T18:37:01.814+0000] {taskinstance.py:2076} INFO - Dependencies all met for dep_context=requeueable deps ti=<TaskInstance: ml_pipeline_dvc.setup_dvc_remote manual__2025-08-12T18:31:32.153445+00:00 [queued]>
[2025-08-12T18:37:01.815+0000] {taskinstance.py:2306} INFO - Starting attempt 2 of 2
[2025-08-12T18:37:01.835+0000] {taskinstance.py:2330} INFO - Executing <Task(BashOperator): setup_dvc_remote> on 2025-08-12 18:31:32.153445+00:00
[2025-08-12T18:37:01.847+0000] {standard_task_runner.py:90} INFO - Running: ['***', 'tasks', 'run', 'ml_pipeline_dvc', 'setup_dvc_remote', 'manual__2025-08-12T18:31:32.153445+00:00', '--job-id', '142', '--raw', '--subdir', 'DAGS_FOLDER/train_pipeline_dag.py', '--cfg-path', '/tmp/tmp5jams98t']
[2025-08-12T18:37:01.845+0000] {warnings.py:110} WARNING - /home/***/.local/lib/python3.12/site-packages/***/task/task_runner/standard_task_runner.py:61: DeprecationWarning: This process (pid=4391) is multi-threaded, use of fork() may lead to deadlocks in the child.
  pid = os.fork()

[2025-08-12T18:37:01.851+0000] {standard_task_runner.py:91} INFO - Job 142: Subtask setup_dvc_remote
[2025-08-12T18:37:01.851+0000] {standard_task_runner.py:63} INFO - Started process 4392 to run task
[2025-08-12T18:37:01.919+0000] {task_command.py:426} INFO - Running <TaskInstance: ml_pipeline_dvc.setup_dvc_remote manual__2025-08-12T18:31:32.153445+00:00 [running]> on host 08abdf02b345
[2025-08-12T18:37:02.042+0000] {taskinstance.py:2648} INFO - Exporting env vars: AIRFLOW_CTX_DAG_OWNER='yas' AIRFLOW_CTX_DAG_ID='ml_pipeline_dvc' AIRFLOW_CTX_TASK_ID='setup_dvc_remote' AIRFLOW_CTX_EXECUTION_DATE='2025-08-12T18:31:32.153445+00:00' AIRFLOW_CTX_TRY_NUMBER='2' AIRFLOW_CTX_DAG_RUN_ID='manual__2025-08-12T18:31:32.153445+00:00'
[2025-08-12T18:37:02.044+0000] {taskinstance.py:430} INFO - ::endgroup::
[2025-08-12T18:37:02.080+0000] {subprocess.py:63} INFO - Tmp dir root location: /tmp
[2025-08-12T18:37:02.082+0000] {subprocess.py:75} INFO - Running command: ['/usr/bin/bash', '-c', '\n        cd /opt/***/ml_pipeline\n        export AWS_ACCESS_KEY_ID=minioadmin\n        export AWS_SECRET_ACCESS_KEY=minioadmin\n        export AWS_ENDPOINT_URL=http://minio:9000\n        dvc remote remove minio\n        dvc remote add -d minio s3://mlflow-artifacts\n        dvc remote modify minio endpointurl http://minio:9000\n        dvc remote modify minio access_key_id minioadmin\n        dvc remote modify minio secret_access_key minioadmin\n        dvc remote modify minio use_ssl false\n        ls -l .dvc/\n        dvc push --verbose\n        dvc repro preprocess -v\n        ']
[2025-08-12T18:37:02.100+0000] {subprocess.py:86} INFO - Output:
[2025-08-12T18:37:03.490+0000] {subprocess.py:93} INFO - ERROR: configuration error - config file error: remote 'minio' doesn't exist.
[2025-08-12T18:37:05.812+0000] {subprocess.py:93} INFO - Setting 'minio' as a default remote.
[2025-08-12T18:37:05.815+0000] {subprocess.py:93} INFO - ERROR: configuration error - config file error: remote 'minio' already exists. Use `-f|--force` to overwrite it.
[2025-08-12T18:37:14.779+0000] {subprocess.py:93} INFO - total 8
[2025-08-12T18:37:14.782+0000] {subprocess.py:93} INFO - drwxr-xr-x 10 default root 320 Aug  5 20:10 cache
[2025-08-12T18:37:14.783+0000] {subprocess.py:93} INFO - -rw-r--r--  1    1000 1000 199 Aug 12 18:37 config
[2025-08-12T18:37:14.784+0000] {subprocess.py:93} INFO - -rw-r--r--  1 default root  86 Aug 12 17:15 config.local
[2025-08-12T18:37:14.785+0000] {subprocess.py:93} INFO - drwxr-xr-x  8 default root 256 Aug 11 22:52 tmp
[2025-08-12T18:37:16.226+0000] {subprocess.py:93} INFO - 2025-08-12 18:37:16,226 DEBUG: v3.61.0 (pip), CPython 3.12.3 on Linux-6.6.31-linuxkit-x86_64-with-glibc2.36
[2025-08-12T18:37:16.229+0000] {subprocess.py:93} INFO - 2025-08-12 18:37:16,226 DEBUG: command: /home/***/.local/bin/dvc push --verbose
[2025-08-12T18:37:19.358+0000] {subprocess.py:93} INFO - 2025-08-12 18:37:19,357 DEBUG: Lockfile 'dvc.lock' needs to be updated.
[2025-08-12T18:37:22.863+0000] {subprocess.py:93} INFO - Everything is up to date.
[2025-08-12T18:37:22.870+0000] {subprocess.py:93} INFO - 2025-08-12 18:37:22,869 DEBUG: Analytics is enabled.
[2025-08-12T18:37:23.096+0000] {subprocess.py:93} INFO - 2025-08-12 18:37:23,091 DEBUG: Trying to spawn ['daemon', 'analytics', '/tmp/tmprmflr0k5', '-v']
[2025-08-12T18:37:23.110+0000] {subprocess.py:93} INFO - 2025-08-12 18:37:23,108 DEBUG: Spawned ['daemon', 'analytics', '/tmp/tmprmflr0k5', '-v'] with pid 4672
[2025-08-12T18:37:24.708+0000] {subprocess.py:93} INFO - 2025-08-12 18:37:24,707 DEBUG: v3.61.0 (pip), CPython 3.12.3 on Linux-6.6.31-linuxkit-x86_64-with-glibc2.36
[2025-08-12T18:37:24.710+0000] {subprocess.py:93} INFO - 2025-08-12 18:37:24,708 DEBUG: command: /home/***/.local/bin/dvc repro preprocess -v
[2025-08-12T18:37:31.152+0000] {subprocess.py:93} INFO - 2025-08-12 18:37:31,079 ERROR: Unable to acquire lock. Most likely another DVC process is running or was terminated abruptly. Check the page <https://dvc.org/doc/user-guide/troubleshooting#lock-issue> for other possible reasons and to learn how to resolve this.
[2025-08-12T18:37:31.156+0000] {subprocess.py:93} INFO - Traceback (most recent call last):
[2025-08-12T18:37:31.157+0000] {subprocess.py:93} INFO -   File "/home/***/.local/lib/python3.12/site-packages/zc/lockfile/__init__.py", line 60, in _lock_file
[2025-08-12T18:37:31.161+0000] {subprocess.py:93} INFO -     fcntl.flock(file.fileno(), _flags)
[2025-08-12T18:37:31.168+0000] {subprocess.py:93} INFO - BlockingIOError: [Errno 11] Resource temporarily unavailable
[2025-08-12T18:37:31.175+0000] {subprocess.py:93} INFO - 
[2025-08-12T18:37:31.178+0000] {subprocess.py:93} INFO - During handling of the above exception, another exception occurred:
[2025-08-12T18:37:31.183+0000] {subprocess.py:93} INFO - 
[2025-08-12T18:37:31.188+0000] {subprocess.py:93} INFO - Traceback (most recent call last):
[2025-08-12T18:37:31.191+0000] {subprocess.py:93} INFO -   File "/home/***/.local/lib/python3.12/site-packages/dvc/lock.py", line 105, in _do_lock
[2025-08-12T18:37:31.193+0000] {subprocess.py:93} INFO -     self._lock = zc.lockfile.LockFile(self._lockfile)
[2025-08-12T18:37:31.199+0000] {subprocess.py:93} INFO -                  ^^^^^^^^^^^^^^^^^^^^^^^^^^^^^^^^^^^^
[2025-08-12T18:37:31.202+0000] {subprocess.py:93} INFO -   File "/home/***/.local/lib/python3.12/site-packages/zc/lockfile/__init__.py", line 120, in __init__
[2025-08-12T18:37:31.209+0000] {subprocess.py:93} INFO -     super().__init__(path)
[2025-08-12T18:37:31.210+0000] {subprocess.py:93} INFO -   File "/home/***/.local/lib/python3.12/site-packages/zc/lockfile/__init__.py", line 93, in __init__
[2025-08-12T18:37:31.216+0000] {subprocess.py:93} INFO -     _lock_file(fp)
[2025-08-12T18:37:31.217+0000] {subprocess.py:93} INFO -   File "/home/***/.local/lib/python3.12/site-packages/zc/lockfile/__init__.py", line 62, in _lock_file
[2025-08-12T18:37:31.218+0000] {subprocess.py:93} INFO -     raise LockError("Couldn't lock %r" % file.name)
[2025-08-12T18:37:31.253+0000] {subprocess.py:93} INFO - zc.lockfile.LockError: Couldn't lock '/opt/***/ml_pipeline/.dvc/tmp/lock'
[2025-08-12T18:37:31.256+0000] {subprocess.py:93} INFO - 
[2025-08-12T18:37:31.258+0000] {subprocess.py:93} INFO - During handling of the above exception, another exception occurred:
[2025-08-12T18:37:31.269+0000] {subprocess.py:93} INFO - 
[2025-08-12T18:37:31.270+0000] {subprocess.py:93} INFO - Traceback (most recent call last):
[2025-08-12T18:37:31.278+0000] {subprocess.py:93} INFO -   File "/home/***/.local/lib/python3.12/site-packages/dvc/cli/__init__.py", line 211, in main
[2025-08-12T18:37:31.283+0000] {subprocess.py:93} INFO -     ret = cmd.do_run()
[2025-08-12T18:37:31.289+0000] {subprocess.py:93} INFO -           ^^^^^^^^^^^^
[2025-08-12T18:37:31.302+0000] {subprocess.py:93} INFO -   File "/home/***/.local/lib/python3.12/site-packages/dvc/cli/command.py", line 30, in do_run
[2025-08-12T18:37:31.307+0000] {subprocess.py:93} INFO -     return self.run()
[2025-08-12T18:37:31.309+0000] {subprocess.py:93} INFO -            ^^^^^^^^^^
[2025-08-12T18:37:31.312+0000] {subprocess.py:93} INFO -   File "/home/***/.local/lib/python3.12/site-packages/dvc/commands/repro.py", line 11, in run
[2025-08-12T18:37:31.317+0000] {subprocess.py:93} INFO -     stages = self.repo.reproduce(**self._common_kwargs, **self._repro_kwargs)
[2025-08-12T18:37:31.322+0000] {subprocess.py:93} INFO -              ^^^^^^^^^^^^^^^^^^^^^^^^^^^^^^^^^^^^^^^^^^^^^^^^^^^^^^^^^^^^^^^^
[2025-08-12T18:37:31.329+0000] {subprocess.py:93} INFO -   File "/home/***/.local/lib/python3.12/site-packages/dvc/repo/__init__.py", line 57, in wrapper
[2025-08-12T18:37:31.330+0000] {subprocess.py:93} INFO -     with lock_repo(repo):
[2025-08-12T18:37:31.333+0000] {subprocess.py:93} INFO -   File "/usr/local/lib/python3.12/contextlib.py", line 137, in __enter__
[2025-08-12T18:37:31.338+0000] {subprocess.py:93} INFO -     return next(self.gen)
[2025-08-12T18:37:31.343+0000] {subprocess.py:93} INFO -            ^^^^^^^^^^^^^^
[2025-08-12T18:37:31.344+0000] {subprocess.py:93} INFO -   File "/home/***/.local/lib/python3.12/site-packages/dvc/repo/__init__.py", line 45, in lock_repo
[2025-08-12T18:37:31.349+0000] {subprocess.py:93} INFO -     with repo.lock:
[2025-08-12T18:37:31.353+0000] {subprocess.py:93} INFO -   File "/home/***/.local/lib/python3.12/site-packages/dvc/lock.py", line 154, in __enter__
[2025-08-12T18:37:31.359+0000] {subprocess.py:93} INFO -     self.lock()
[2025-08-12T18:37:31.361+0000] {subprocess.py:93} INFO -   File "/home/***/.local/lib/python3.12/site-packages/dvc/lock.py", line 128, in lock
[2025-08-12T18:37:31.363+0000] {subprocess.py:93} INFO -     self._do_lock()
[2025-08-12T18:37:31.367+0000] {subprocess.py:93} INFO -   File "/home/***/.local/lib/python3.12/site-packages/dvc/lock.py", line 108, in _do_lock
[2025-08-12T18:37:31.374+0000] {subprocess.py:93} INFO -     raise LockError(FAILED_TO_LOCK_MESSAGE)  # noqa: B904
[2025-08-12T18:37:31.375+0000] {subprocess.py:93} INFO -     ^^^^^^^^^^^^^^^^^^^^^^^^^^^^^^^^^^^^^^^
[2025-08-12T18:37:31.376+0000] {subprocess.py:93} INFO - dvc.lock.LockError: Unable to acquire lock. Most likely another DVC process is running or was terminated abruptly. Check the page <https://dvc.org/doc/user-guide/troubleshooting#lock-issue> for other possible reasons and to learn how to resolve this.
[2025-08-12T18:37:31.380+0000] {subprocess.py:93} INFO - 
[2025-08-12T18:37:31.381+0000] {subprocess.py:93} INFO - 2025-08-12 18:37:31,181 DEBUG: Analytics is enabled.
[2025-08-12T18:37:31.522+0000] {subprocess.py:93} INFO - 2025-08-12 18:37:31,521 DEBUG: Trying to spawn ['daemon', 'analytics', '/tmp/tmp47n5d420', '-v']
[2025-08-12T18:37:31.574+0000] {subprocess.py:93} INFO - 2025-08-12 18:37:31,545 DEBUG: Spawned ['daemon', 'analytics', '/tmp/tmp47n5d420', '-v'] with pid 4698
[2025-08-12T18:37:31.966+0000] {subprocess.py:97} INFO - Command exited with return code 255
[2025-08-12T18:37:31.991+0000] {taskinstance.py:441} INFO - ::group::Post task execution logs
[2025-08-12T18:37:32.032+0000] {taskinstance.py:2905} ERROR - Task failed with exception
Traceback (most recent call last):
  File "/home/airflow/.local/lib/python3.12/site-packages/airflow/models/taskinstance.py", line 465, in _execute_task
    result = _execute_callable(context=context, **execute_callable_kwargs)
             ^^^^^^^^^^^^^^^^^^^^^^^^^^^^^^^^^^^^^^^^^^^^^^^^^^^^^^^^^^^^^
  File "/home/airflow/.local/lib/python3.12/site-packages/airflow/models/taskinstance.py", line 432, in _execute_callable
    return execute_callable(context=context, **execute_callable_kwargs)
           ^^^^^^^^^^^^^^^^^^^^^^^^^^^^^^^^^^^^^^^^^^^^^^^^^^^^^^^^^^^^
  File "/home/airflow/.local/lib/python3.12/site-packages/airflow/models/baseoperator.py", line 400, in wrapper
    return func(self, *args, **kwargs)
           ^^^^^^^^^^^^^^^^^^^^^^^^^^^
  File "/home/airflow/.local/lib/python3.12/site-packages/airflow/operators/bash.py", line 243, in execute
    raise AirflowException(
airflow.exceptions.AirflowException: Bash command failed. The command returned a non-zero exit code 255.
[2025-08-12T18:37:32.072+0000] {taskinstance.py:1206} INFO - Marking task as FAILED. dag_id=ml_pipeline_dvc, task_id=setup_dvc_remote, run_id=manual__2025-08-12T18:31:32.153445+00:00, execution_date=20250812T183132, start_date=20250812T183701, end_date=20250812T183732
[2025-08-12T18:37:32.110+0000] {standard_task_runner.py:110} ERROR - Failed to execute job 142 for task setup_dvc_remote (Bash command failed. The command returned a non-zero exit code 255.; 4392)
[2025-08-12T18:37:32.162+0000] {local_task_job_runner.py:240} INFO - Task exited with return code 1
[2025-08-12T18:37:32.263+0000] {taskinstance.py:3498} INFO - 0 downstream tasks scheduled from follow-on schedule check
[2025-08-12T18:37:32.276+0000] {local_task_job_runner.py:222} INFO - ::endgroup::
