[2025-08-12T20:13:19.105+0000] {local_task_job_runner.py:120} INFO - ::group::Pre task execution logs
[2025-08-12T20:13:19.190+0000] {taskinstance.py:2076} INFO - Dependencies all met for dep_context=non-requeueable deps ti=<TaskInstance: ml_pipeline_dvc.setup_dvc_remote manual__2025-08-12T20:13:15.479198+00:00 [queued]>
[2025-08-12T20:13:19.215+0000] {taskinstance.py:2076} INFO - Dependencies all met for dep_context=requeueable deps ti=<TaskInstance: ml_pipeline_dvc.setup_dvc_remote manual__2025-08-12T20:13:15.479198+00:00 [queued]>
[2025-08-12T20:13:19.217+0000] {taskinstance.py:2306} INFO - Starting attempt 1 of 2
[2025-08-12T20:13:19.305+0000] {taskinstance.py:2330} INFO - Executing <Task(BashOperator): setup_dvc_remote> on 2025-08-12 20:13:15.479198+00:00
[2025-08-12T20:13:19.335+0000] {warnings.py:110} WARNING - /home/***/.local/lib/python3.12/site-packages/***/task/task_runner/standard_task_runner.py:61: DeprecationWarning: This process (pid=78) is multi-threaded, use of fork() may lead to deadlocks in the child.
  pid = os.fork()

[2025-08-12T20:13:19.340+0000] {standard_task_runner.py:63} INFO - Started process 79 to run task
[2025-08-12T20:13:19.337+0000] {standard_task_runner.py:90} INFO - Running: ['***', 'tasks', 'run', 'ml_pipeline_dvc', 'setup_dvc_remote', 'manual__2025-08-12T20:13:15.479198+00:00', '--job-id', '160', '--raw', '--subdir', 'DAGS_FOLDER/train_pipeline_dag.py', '--cfg-path', '/tmp/tmpcbnw6bjj']
[2025-08-12T20:13:19.346+0000] {standard_task_runner.py:91} INFO - Job 160: Subtask setup_dvc_remote
[2025-08-12T20:13:19.520+0000] {task_command.py:426} INFO - Running <TaskInstance: ml_pipeline_dvc.setup_dvc_remote manual__2025-08-12T20:13:15.479198+00:00 [running]> on host 42a30935aa79
[2025-08-12T20:13:19.747+0000] {taskinstance.py:2648} INFO - Exporting env vars: AIRFLOW_CTX_DAG_OWNER='yas' AIRFLOW_CTX_DAG_ID='ml_pipeline_dvc' AIRFLOW_CTX_TASK_ID='setup_dvc_remote' AIRFLOW_CTX_EXECUTION_DATE='2025-08-12T20:13:15.479198+00:00' AIRFLOW_CTX_TRY_NUMBER='1' AIRFLOW_CTX_DAG_RUN_ID='manual__2025-08-12T20:13:15.479198+00:00'
[2025-08-12T20:13:19.749+0000] {taskinstance.py:430} INFO - ::endgroup::
[2025-08-12T20:13:19.815+0000] {subprocess.py:63} INFO - Tmp dir root location: /tmp
[2025-08-12T20:13:19.818+0000] {subprocess.py:75} INFO - Running command: ['/usr/bin/bash', '-c', '\n        cd /opt/***/ml_pipeline\n        aws --endpoint-url http://minio:9000 s3 ls s3://mlflow-artifacts\n        dvc remote remove minio || true\n        dvc remote add -d minio s3://mlflow-artifacts\n        dvc remote modify minio endpointurl http://minio:9000\n        dvc remote modify minio access_key_id minioadmin\n        dvc remote modify minio secret_access_key minioadmin\n        dvc remote modify minio use_ssl false\n        export AWS_ACCESS_KEY_ID=minioadmin\n        export AWS_SECRET_ACCESS_KEY=minioadmin\n        export AWS_ENDPOINT_URL=http://minio:9000\n        dvc push --verbose\n        echo "=== DVC CONFIG AFTER SETUP ==="\n        cat .dvc/config\n        dvc repro preprocess -v\n        ']
[2025-08-12T20:13:19.844+0000] {subprocess.py:86} INFO - Output:
[2025-08-12T20:13:22.552+0000] {subprocess.py:93} INFO -                            PRE data/
[2025-08-12T20:13:22.553+0000] {subprocess.py:93} INFO -                            PRE metadata/
[2025-08-12T20:13:22.554+0000] {subprocess.py:93} INFO -                            PRE preprocess/
[2025-08-12T20:13:23.953+0000] {subprocess.py:93} INFO - ERROR: configuration error - config file error: expected 'url' for dictionary value @ data['remote']['minio']
[2025-08-12T20:13:25.680+0000] {subprocess.py:93} INFO - Setting 'minio' as a default remote.
[2025-08-12T20:13:33.549+0000] {subprocess.py:93} INFO - 2025-08-12 20:13:33,548 DEBUG: v3.61.0 (pip), CPython 3.12.3 on Linux-6.6.31-linuxkit-x86_64-with-glibc2.36
[2025-08-12T20:13:33.550+0000] {subprocess.py:93} INFO - 2025-08-12 20:13:33,549 DEBUG: command: /home/***/.local/bin/dvc push --verbose
[2025-08-12T20:13:34.610+0000] {subprocess.py:93} INFO - 2025-08-12 20:13:34,610 DEBUG: Lockfile 'dvc.lock' needs to be updated.
[2025-08-12T20:13:35.707+0000] {subprocess.py:93} INFO - Everything is up to date.
[2025-08-12T20:13:35.714+0000] {subprocess.py:93} INFO - 2025-08-12 20:13:35,713 DEBUG: Analytics is enabled.
[2025-08-12T20:13:35.773+0000] {subprocess.py:93} INFO - 2025-08-12 20:13:35,773 DEBUG: Trying to spawn ['daemon', 'analytics', '/tmp/tmphkxywuw8', '-v']
[2025-08-12T20:13:35.781+0000] {subprocess.py:93} INFO - 2025-08-12 20:13:35,780 DEBUG: Spawned ['daemon', 'analytics', '/tmp/tmphkxywuw8', '-v'] with pid 207
[2025-08-12T20:13:35.983+0000] {subprocess.py:93} INFO - === DVC CONFIG AFTER SETUP ===
[2025-08-12T20:13:35.988+0000] {subprocess.py:93} INFO - [core]
[2025-08-12T20:13:35.989+0000] {subprocess.py:93} INFO -     remote = minio
[2025-08-12T20:13:35.990+0000] {subprocess.py:93} INFO - ['remote "minio"']
[2025-08-12T20:13:35.991+0000] {subprocess.py:93} INFO -     url = s3://mlflow-artifacts
[2025-08-12T20:13:35.992+0000] {subprocess.py:93} INFO -     endpointurl = http://minio:9000
[2025-08-12T20:13:35.993+0000] {subprocess.py:93} INFO -     access_key_id = minioadmin
[2025-08-12T20:13:35.994+0000] {subprocess.py:93} INFO -     secret_access_key = minioadmin
[2025-08-12T20:13:35.994+0000] {subprocess.py:93} INFO -     use_ssl = false
[2025-08-12T20:13:36.644+0000] {subprocess.py:93} INFO - 2025-08-12 20:13:36,643 DEBUG: v3.61.0 (pip), CPython 3.12.3 on Linux-6.6.31-linuxkit-x86_64-with-glibc2.36
[2025-08-12T20:13:36.645+0000] {subprocess.py:93} INFO - 2025-08-12 20:13:36,644 DEBUG: command: /home/***/.local/bin/dvc repro preprocess -v
[2025-08-12T20:13:37.459+0000] {subprocess.py:93} INFO - 2025-08-12 20:13:37,458 DEBUG: Assuming 'preprocess' to be a stage inside 'dvc.yaml'
[2025-08-12T20:13:37.605+0000] {subprocess.py:93} INFO - 2025-08-12 20:13:37,605 DEBUG: Lockfile 'dvc.lock' needs to be updated.
[2025-08-12T20:13:39.727+0000] {subprocess.py:93} INFO - 2025-08-12 20:13:39,726 DEBUG: Dependency 's3://mlflow-artifacts/metadata/version_meta.json' of stage: 'preprocess' changed because it is 'modified'.
[2025-08-12T20:13:39.732+0000] {subprocess.py:93} INFO - 2025-08-12 20:13:39,731 DEBUG: stage: 'preprocess' changed.
[2025-08-12T20:13:39.762+0000] {subprocess.py:93} INFO - 2025-08-12 20:13:39,762 DEBUG: Dependency 's3://mlflow-artifacts/metadata/version_meta.json' of stage: 'preprocess' changed because it is 'modified'.
[2025-08-12T20:13:39.766+0000] {subprocess.py:93} INFO - 2025-08-12 20:13:39,766 DEBUG: stage: 'preprocess' changed.
[2025-08-12T20:13:39.776+0000] {subprocess.py:93} INFO - 2025-08-12 20:13:39,776 DEBUG: Removing output 's3://mlflow-artifacts/preprocess/v20250812_055140/pipeline.pkl' of stage: 'preprocess'.
[2025-08-12T20:13:39.989+0000] {subprocess.py:93} INFO - 2025-08-12 20:13:39,989 DEBUG: Removing output 's3://mlflow-artifacts/preprocess/v20250812_055140/preprocess_metadata.json' of stage: 'preprocess'.
[2025-08-12T20:13:40.490+0000] {subprocess.py:93} INFO - 2025-08-12 20:13:40,489 DEBUG: built tree 'object 602ddb43893d85443cd66ec20dfe4e77.dir'
[2025-08-12T20:13:40.496+0000] {subprocess.py:93} INFO - Running stage 'preprocess':
[2025-08-12T20:13:40.496+0000] {subprocess.py:93} INFO - > python preprocessing/preprocess_task.py
[2025-08-12T20:13:44.915+0000] {subprocess.py:93} INFO - {"asctime": "2025-08-12 20:13:44,855", "levelname": "INFO", "name": "preprocessing_pipeline", "trace_id": null, "span_id": null, "message": "version_meta.json loaded!"}
[2025-08-12T20:13:44.960+0000] {subprocess.py:93} INFO - {"asctime": "2025-08-12 20:13:44,959", "levelname": "INFO", "name": "preprocessing_pipeline", "trace_id": null, "span_id": null, "message": "preprocessor trained!"}
[2025-08-12T20:13:44.976+0000] {subprocess.py:93} INFO - {"asctime": "2025-08-12 20:13:44,976", "levelname": "INFO", "name": "preprocessing_pipeline", "trace_id": null, "span_id": null, "message": "preprocessor saved to s3://mlflow-artifacts/preprocess/v20250812_055140/pipeline.pkl!"}
[2025-08-12T20:13:45.015+0000] {subprocess.py:93} INFO - {"asctime": "2025-08-12 20:13:45,015", "levelname": "INFO", "name": "preprocessing_pipeline", "trace_id": null, "span_id": null, "message": "\u2705 Saved pipeline at: s3://mlflow-artifacts/s3://mlflow-artifacts/preprocess/v20250812_055140/pipeline.pkl"}
[2025-08-12T20:13:45.016+0000] {subprocess.py:93} INFO - {"asctime": "2025-08-12 20:13:45,015", "levelname": "INFO", "name": "preprocessing_pipeline", "trace_id": null, "span_id": null, "message": "\ud83d\udcc4 Saved metadata: s3://mlflow-artifacts/s3://mlflow-artifacts/preprocess/v20250812_055140/preprocess_metadata.json"}
[2025-08-12T20:13:45.017+0000] {subprocess.py:93} INFO - {"asctime": "2025-08-12 20:13:45,015", "levelname": "INFO", "name": "preprocessing_pipeline", "trace_id": null, "span_id": null, "message": "\ud83d\udce6 Updated version_meta.json"}
[2025-08-12T20:13:45.441+0000] {subprocess.py:93} INFO - 2025-08-12 20:13:45,440 DEBUG: built tree 'object 602ddb43893d85443cd66ec20dfe4e77.dir'
[2025-08-12T20:13:45.484+0000] {subprocess.py:93} INFO - 2025-08-12 20:13:45,474 ERROR: failed to reproduce 'preprocess': Saving cached external output s3://mlflow-artifacts/preprocess/v20250812_055140/pipeline.pkl is not supported since DVC 3.0. See <https://dvc.org/doc/user-guide/upgrade> for more info.
[2025-08-12T20:13:45.485+0000] {subprocess.py:93} INFO - Traceback (most recent call last):
[2025-08-12T20:13:45.486+0000] {subprocess.py:93} INFO -   File "/home/***/.local/lib/python3.12/site-packages/dvc/repo/reproduce.py", line 187, in _reproduce
[2025-08-12T20:13:45.486+0000] {subprocess.py:93} INFO -     ret = repro_fn(stage, upstream=upstream, force=force_stage, **kwargs)
[2025-08-12T20:13:45.487+0000] {subprocess.py:93} INFO -           ^^^^^^^^^^^^^^^^^^^^^^^^^^^^^^^^^^^^^^^^^^^^^^^^^^^^^^^^^^^^^^^
[2025-08-12T20:13:45.488+0000] {subprocess.py:93} INFO -   File "/home/***/.local/lib/python3.12/site-packages/dvc/repo/reproduce.py", line 117, in _reproduce_stage
[2025-08-12T20:13:45.489+0000] {subprocess.py:93} INFO -     ret = stage.reproduce(**kwargs)
[2025-08-12T20:13:45.489+0000] {subprocess.py:93} INFO -           ^^^^^^^^^^^^^^^^^^^^^^^^^
[2025-08-12T20:13:45.490+0000] {subprocess.py:93} INFO -   File "/home/***/.local/lib/python3.12/site-packages/funcy/decorators.py", line 47, in wrapper
[2025-08-12T20:13:45.491+0000] {subprocess.py:93} INFO -     return deco(call, *dargs, **dkwargs)
[2025-08-12T20:13:45.492+0000] {subprocess.py:93} INFO -            ^^^^^^^^^^^^^^^^^^^^^^^^^^^^^
[2025-08-12T20:13:45.492+0000] {subprocess.py:93} INFO -   File "/home/***/.local/lib/python3.12/site-packages/dvc/stage/decorators.py", line 44, in rwlocked
[2025-08-12T20:13:45.493+0000] {subprocess.py:93} INFO -     return call()
[2025-08-12T20:13:45.493+0000] {subprocess.py:93} INFO -            ^^^^^^
[2025-08-12T20:13:45.494+0000] {subprocess.py:93} INFO -   File "/home/***/.local/lib/python3.12/site-packages/funcy/decorators.py", line 68, in __call__
[2025-08-12T20:13:45.495+0000] {subprocess.py:93} INFO -     return self._func(*self._args, **self._kwargs)
[2025-08-12T20:13:45.495+0000] {subprocess.py:93} INFO -            ^^^^^^^^^^^^^^^^^^^^^^^^^^^^^^^^^^^^^^^
[2025-08-12T20:13:45.496+0000] {subprocess.py:93} INFO -   File "/home/***/.local/lib/python3.12/site-packages/dvc/stage/__init__.py", line 448, in reproduce
[2025-08-12T20:13:45.496+0000] {subprocess.py:93} INFO -     self.run(**kwargs)
[2025-08-12T20:13:45.497+0000] {subprocess.py:93} INFO -   File "/home/***/.local/lib/python3.12/site-packages/funcy/decorators.py", line 47, in wrapper
[2025-08-12T20:13:45.497+0000] {subprocess.py:93} INFO -     return deco(call, *dargs, **dkwargs)
[2025-08-12T20:13:45.498+0000] {subprocess.py:93} INFO -            ^^^^^^^^^^^^^^^^^^^^^^^^^^^^^
[2025-08-12T20:13:45.499+0000] {subprocess.py:93} INFO -   File "/home/***/.local/lib/python3.12/site-packages/dvc/stage/decorators.py", line 44, in rwlocked
[2025-08-12T20:13:45.499+0000] {subprocess.py:93} INFO -     return call()
[2025-08-12T20:13:45.500+0000] {subprocess.py:93} INFO -            ^^^^^^
[2025-08-12T20:13:45.501+0000] {subprocess.py:93} INFO -   File "/home/***/.local/lib/python3.12/site-packages/funcy/decorators.py", line 68, in __call__
[2025-08-12T20:13:45.502+0000] {subprocess.py:93} INFO -     return self._func(*self._args, **self._kwargs)
[2025-08-12T20:13:45.502+0000] {subprocess.py:93} INFO -            ^^^^^^^^^^^^^^^^^^^^^^^^^^^^^^^^^^^^^^^
[2025-08-12T20:13:45.503+0000] {subprocess.py:93} INFO -   File "/home/***/.local/lib/python3.12/site-packages/dvc/stage/__init__.py", line 629, in run
[2025-08-12T20:13:45.504+0000] {subprocess.py:93} INFO -     self.save(
[2025-08-12T20:13:45.504+0000] {subprocess.py:93} INFO -   File "/home/***/.local/lib/python3.12/site-packages/dvc/stage/__init__.py", line 495, in save
[2025-08-12T20:13:45.505+0000] {subprocess.py:93} INFO -     self.save_outs(allow_missing=allow_missing)
[2025-08-12T20:13:45.505+0000] {subprocess.py:93} INFO -   File "/home/***/.local/lib/python3.12/site-packages/dvc/stage/__init__.py", line 533, in save_outs
[2025-08-12T20:13:45.506+0000] {subprocess.py:93} INFO -     out.save()
[2025-08-12T20:13:45.506+0000] {subprocess.py:93} INFO -   File "/home/***/.local/lib/python3.12/site-packages/dvc/output.py", line 677, in save
[2025-08-12T20:13:45.507+0000] {subprocess.py:93} INFO -     raise DvcException(
[2025-08-12T20:13:45.507+0000] {subprocess.py:93} INFO - dvc.exceptions.DvcException: Saving cached external output s3://mlflow-artifacts/preprocess/v20250812_055140/pipeline.pkl is not supported since DVC 3.0. See <https://dvc.org/doc/user-guide/upgrade> for more info.
[2025-08-12T20:13:45.508+0000] {subprocess.py:93} INFO - 
[2025-08-12T20:13:45.509+0000] {subprocess.py:93} INFO - The above exception was the direct cause of the following exception:
[2025-08-12T20:13:45.509+0000] {subprocess.py:93} INFO - 
[2025-08-12T20:13:45.509+0000] {subprocess.py:93} INFO - Traceback (most recent call last):
[2025-08-12T20:13:45.510+0000] {subprocess.py:93} INFO -   File "/home/***/.local/lib/python3.12/site-packages/dvc/cli/__init__.py", line 211, in main
[2025-08-12T20:13:45.511+0000] {subprocess.py:93} INFO -     ret = cmd.do_run()
[2025-08-12T20:13:45.511+0000] {subprocess.py:93} INFO -           ^^^^^^^^^^^^
[2025-08-12T20:13:45.511+0000] {subprocess.py:93} INFO -   File "/home/***/.local/lib/python3.12/site-packages/dvc/cli/command.py", line 30, in do_run
[2025-08-12T20:13:45.512+0000] {subprocess.py:93} INFO -     return self.run()
[2025-08-12T20:13:45.513+0000] {subprocess.py:93} INFO -            ^^^^^^^^^^
[2025-08-12T20:13:45.513+0000] {subprocess.py:93} INFO -   File "/home/***/.local/lib/python3.12/site-packages/dvc/commands/repro.py", line 11, in run
[2025-08-12T20:13:45.514+0000] {subprocess.py:93} INFO -     stages = self.repo.reproduce(**self._common_kwargs, **self._repro_kwargs)
[2025-08-12T20:13:45.514+0000] {subprocess.py:93} INFO -              ^^^^^^^^^^^^^^^^^^^^^^^^^^^^^^^^^^^^^^^^^^^^^^^^^^^^^^^^^^^^^^^^
[2025-08-12T20:13:45.515+0000] {subprocess.py:93} INFO -   File "/home/***/.local/lib/python3.12/site-packages/dvc/repo/__init__.py", line 58, in wrapper
[2025-08-12T20:13:45.515+0000] {subprocess.py:93} INFO -     return f(repo, *args, **kwargs)
[2025-08-12T20:13:45.516+0000] {subprocess.py:93} INFO -            ^^^^^^^^^^^^^^^^^^^^^^^^
[2025-08-12T20:13:45.517+0000] {subprocess.py:93} INFO -   File "/home/***/.local/lib/python3.12/site-packages/dvc/repo/scm_context.py", line 143, in run
[2025-08-12T20:13:45.517+0000] {subprocess.py:93} INFO -     return method(repo, *args, **kw)
[2025-08-12T20:13:45.518+0000] {subprocess.py:93} INFO -            ^^^^^^^^^^^^^^^^^^^^^^^^^
[2025-08-12T20:13:45.519+0000] {subprocess.py:93} INFO -   File "/home/***/.local/lib/python3.12/site-packages/dvc/repo/reproduce.py", line 248, in reproduce
[2025-08-12T20:13:45.519+0000] {subprocess.py:93} INFO -     return _reproduce(steps, graph=graph, on_error=on_error or "fail", **kwargs)
[2025-08-12T20:13:45.520+0000] {subprocess.py:93} INFO -            ^^^^^^^^^^^^^^^^^^^^^^^^^^^^^^^^^^^^^^^^^^^^^^^^^^^^^^^^^^^^^^^^^^^^^
[2025-08-12T20:13:45.520+0000] {subprocess.py:93} INFO -   File "/home/***/.local/lib/python3.12/site-packages/dvc/repo/reproduce.py", line 191, in _reproduce
[2025-08-12T20:13:45.521+0000] {subprocess.py:93} INFO -     _raise_error(exc, stage)
[2025-08-12T20:13:45.522+0000] {subprocess.py:93} INFO -   File "/home/***/.local/lib/python3.12/site-packages/dvc/repo/reproduce.py", line 155, in _raise_error
[2025-08-12T20:13:45.522+0000] {subprocess.py:93} INFO -     raise ReproductionError(f"failed to reproduce{segment} {names}") from exc
[2025-08-12T20:13:45.523+0000] {subprocess.py:93} INFO - dvc.exceptions.ReproductionError: failed to reproduce 'preprocess'
[2025-08-12T20:13:45.523+0000] {subprocess.py:93} INFO - 
[2025-08-12T20:13:45.524+0000] {subprocess.py:93} INFO - 2025-08-12 20:13:45,489 DEBUG: Analytics is enabled.
[2025-08-12T20:13:45.623+0000] {subprocess.py:93} INFO - 2025-08-12 20:13:45,623 DEBUG: Trying to spawn ['daemon', 'analytics', '/tmp/tmp1uyv65yq', '-v']
[2025-08-12T20:13:45.635+0000] {subprocess.py:93} INFO - 2025-08-12 20:13:45,634 DEBUG: Spawned ['daemon', 'analytics', '/tmp/tmp1uyv65yq', '-v'] with pid 267
[2025-08-12T20:13:46.154+0000] {subprocess.py:97} INFO - Command exited with return code 255
[2025-08-12T20:13:46.156+0000] {taskinstance.py:441} INFO - ::group::Post task execution logs
[2025-08-12T20:13:46.171+0000] {taskinstance.py:2905} ERROR - Task failed with exception
Traceback (most recent call last):
  File "/home/airflow/.local/lib/python3.12/site-packages/airflow/models/taskinstance.py", line 465, in _execute_task
    result = _execute_callable(context=context, **execute_callable_kwargs)
             ^^^^^^^^^^^^^^^^^^^^^^^^^^^^^^^^^^^^^^^^^^^^^^^^^^^^^^^^^^^^^
  File "/home/airflow/.local/lib/python3.12/site-packages/airflow/models/taskinstance.py", line 432, in _execute_callable
    return execute_callable(context=context, **execute_callable_kwargs)
           ^^^^^^^^^^^^^^^^^^^^^^^^^^^^^^^^^^^^^^^^^^^^^^^^^^^^^^^^^^^^
  File "/home/airflow/.local/lib/python3.12/site-packages/airflow/models/baseoperator.py", line 400, in wrapper
    return func(self, *args, **kwargs)
           ^^^^^^^^^^^^^^^^^^^^^^^^^^^
  File "/home/airflow/.local/lib/python3.12/site-packages/airflow/operators/bash.py", line 243, in execute
    raise AirflowException(
airflow.exceptions.AirflowException: Bash command failed. The command returned a non-zero exit code 255.
[2025-08-12T20:13:46.179+0000] {taskinstance.py:1206} INFO - Marking task as UP_FOR_RETRY. dag_id=ml_pipeline_dvc, task_id=setup_dvc_remote, run_id=manual__2025-08-12T20:13:15.479198+00:00, execution_date=20250812T201315, start_date=20250812T201319, end_date=20250812T201346
[2025-08-12T20:13:46.205+0000] {standard_task_runner.py:110} ERROR - Failed to execute job 160 for task setup_dvc_remote (Bash command failed. The command returned a non-zero exit code 255.; 79)
[2025-08-12T20:13:46.230+0000] {local_task_job_runner.py:240} INFO - Task exited with return code 1
[2025-08-12T20:13:46.260+0000] {taskinstance.py:3498} INFO - 0 downstream tasks scheduled from follow-on schedule check
[2025-08-12T20:13:46.262+0000] {local_task_job_runner.py:222} INFO - ::endgroup::
