{"timestamp":"2025-08-21T03:22:25.909839","level":"info","event":"DAG bundles loaded: dags-folder","logger":"airflow.dag_processing.bundles.manager.DagBundlesManager"}
{"timestamp":"2025-08-21T03:22:25.911022","level":"info","event":"Filling up the DagBag from /opt/airflow/dags/ml_pipeline_dvc_dag.py","logger":"airflow.models.dagbag.DagBag"}
{"timestamp":"2025-08-21T03:22:26.032343","level":"info","event":"Tmp dir root location: /tmp","logger":"airflow.task.hooks.airflow.providers.standard.hooks.subprocess.SubprocessHook"}
{"timestamp":"2025-08-21T03:22:26.037984","level":"info","event":"Running command: ['/usr/bin/bash', '-c', '\\n            cd /opt/airflow/ml_pipeline \\n            dvc repro ingest --force    \\n            dvc push\\n        ']","logger":"airflow.task.hooks.airflow.providers.standard.hooks.subprocess.SubprocessHook"}
{"timestamp":"2025-08-21T03:22:26.055597","level":"info","event":"Output:","logger":"airflow.task.hooks.airflow.providers.standard.hooks.subprocess.SubprocessHook"}
{"timestamp":"2025-08-21T03:22:29.506260","level":"info","event":"Running stage 'ingest':","logger":"airflow.task.hooks.airflow.providers.standard.hooks.subprocess.SubprocessHook"}
{"timestamp":"2025-08-21T03:22:29.506670","level":"info","event":"> python data/ingest/etl_task.py && python data/ingest/download_data.py","logger":"airflow.task.hooks.airflow.providers.standard.hooks.subprocess.SubprocessHook"}
{"timestamp":"2025-08-21T03:22:34.159084","level":"info","event":"{\"asctime\": \"2025-08-21 03:22:34,158\", \"levelname\": \"INFO\", \"name\": \"model_training\", \"trace_id\": null, \"span_id\": null, \"message\": \"AWS ENDPOINT is: http://minio:9000\"}","logger":"airflow.task.hooks.airflow.providers.standard.hooks.subprocess.SubprocessHook"}
{"timestamp":"2025-08-21T03:22:34.222425","level":"info","event":"{\"asctime\": \"2025-08-21 03:22:34,221\", \"levelname\": \"INFO\", \"name\": \"model_training\", \"trace_id\": null, \"span_id\": null, \"message\": \"Simulated data generated.\"}","logger":"airflow.task.hooks.airflow.providers.standard.hooks.subprocess.SubprocessHook"}
{"timestamp":"2025-08-21T03:22:43.741352","level":"info","event":"Traceback (most recent call last):","logger":"airflow.task.hooks.airflow.providers.standard.hooks.subprocess.SubprocessHook"}
{"timestamp":"2025-08-21T03:22:43.741797","level":"info","event":"  File \"/home/airflow/.local/lib/python3.11/site-packages/urllib3/connection.py\", line 198, in _new_conn","logger":"airflow.task.hooks.airflow.providers.standard.hooks.subprocess.SubprocessHook"}
{"timestamp":"2025-08-21T03:22:43.748531","level":"info","event":"    sock = connection.create_connection(","logger":"airflow.task.hooks.airflow.providers.standard.hooks.subprocess.SubprocessHook"}
{"timestamp":"2025-08-21T03:22:43.748881","level":"info","event":"           ^^^^^^^^^^^^^^^^^^^^^^^^^^^^^","logger":"airflow.task.hooks.airflow.providers.standard.hooks.subprocess.SubprocessHook"}
{"timestamp":"2025-08-21T03:22:43.749038","level":"info","event":"  File \"/home/airflow/.local/lib/python3.11/site-packages/urllib3/util/connection.py\", line 60, in create_connection","logger":"airflow.task.hooks.airflow.providers.standard.hooks.subprocess.SubprocessHook"}
{"timestamp":"2025-08-21T03:22:43.749173","level":"info","event":"    for res in socket.getaddrinfo(host, port, family, socket.SOCK_STREAM):","logger":"airflow.task.hooks.airflow.providers.standard.hooks.subprocess.SubprocessHook"}
{"timestamp":"2025-08-21T03:22:43.749397","level":"info","event":"               ^^^^^^^^^^^^^^^^^^^^^^^^^^^^^^^^^^^^^^^^^^^^^^^^^^^^^^^^^^","logger":"airflow.task.hooks.airflow.providers.standard.hooks.subprocess.SubprocessHook"}
{"timestamp":"2025-08-21T03:22:43.749524","level":"info","event":"  File \"/usr/local/lib/python3.11/socket.py\", line 974, in getaddrinfo","logger":"airflow.task.hooks.airflow.providers.standard.hooks.subprocess.SubprocessHook"}
{"timestamp":"2025-08-21T03:22:43.749621","level":"info","event":"    for res in _socket.getaddrinfo(host, port, family, type, proto, flags):","logger":"airflow.task.hooks.airflow.providers.standard.hooks.subprocess.SubprocessHook"}
{"timestamp":"2025-08-21T03:22:43.749707","level":"info","event":"               ^^^^^^^^^^^^^^^^^^^^^^^^^^^^^^^^^^^^^^^^^^^^^^^^^^^^^^^^^^^","logger":"airflow.task.hooks.airflow.providers.standard.hooks.subprocess.SubprocessHook"}
{"timestamp":"2025-08-21T03:22:43.749801","level":"info","event":"socket.gaierror: [Errno -2] Name or service not known","logger":"airflow.task.hooks.airflow.providers.standard.hooks.subprocess.SubprocessHook"}
{"timestamp":"2025-08-21T03:22:43.749895","level":"info","event":"","logger":"airflow.task.hooks.airflow.providers.standard.hooks.subprocess.SubprocessHook"}
{"timestamp":"2025-08-21T03:22:43.750060","level":"info","event":"The above exception was the direct cause of the following exception:","logger":"airflow.task.hooks.airflow.providers.standard.hooks.subprocess.SubprocessHook"}
{"timestamp":"2025-08-21T03:22:43.750151","level":"info","event":"","logger":"airflow.task.hooks.airflow.providers.standard.hooks.subprocess.SubprocessHook"}
{"timestamp":"2025-08-21T03:22:43.750298","level":"info","event":"Traceback (most recent call last):","logger":"airflow.task.hooks.airflow.providers.standard.hooks.subprocess.SubprocessHook"}
{"timestamp":"2025-08-21T03:22:43.750382","level":"info","event":"  File \"/home/airflow/.local/lib/python3.11/site-packages/botocore/httpsession.py\", line 464, in send","logger":"airflow.task.hooks.airflow.providers.standard.hooks.subprocess.SubprocessHook"}
{"timestamp":"2025-08-21T03:22:44.208506","level":"info","event":"    urllib_response = conn.urlopen(","logger":"airflow.task.hooks.airflow.providers.standard.hooks.subprocess.SubprocessHook"}
{"timestamp":"2025-08-21T03:22:44.208742","level":"info","event":"                      ^^^^^^^^^^^^^","logger":"airflow.task.hooks.airflow.providers.standard.hooks.subprocess.SubprocessHook"}
{"timestamp":"2025-08-21T03:22:44.208942","level":"info","event":"  File \"/home/airflow/.local/lib/python3.11/site-packages/urllib3/connectionpool.py\", line 841, in urlopen","logger":"airflow.task.hooks.airflow.providers.standard.hooks.subprocess.SubprocessHook"}
{"timestamp":"2025-08-21T03:22:44.218618","level":"info","event":"    retries = retries.increment(","logger":"airflow.task.hooks.airflow.providers.standard.hooks.subprocess.SubprocessHook"}
{"timestamp":"2025-08-21T03:22:44.219859","level":"info","event":"              ^^^^^^^^^^^^^^^^^^","logger":"airflow.task.hooks.airflow.providers.standard.hooks.subprocess.SubprocessHook"}
{"timestamp":"2025-08-21T03:22:44.220191","level":"info","event":"  File \"/home/airflow/.local/lib/python3.11/site-packages/urllib3/util/retry.py\", line 449, in increment","logger":"airflow.task.hooks.airflow.providers.standard.hooks.subprocess.SubprocessHook"}
{"timestamp":"2025-08-21T03:22:44.221261","level":"info","event":"    raise reraise(type(error), error, _stacktrace)","logger":"airflow.task.hooks.airflow.providers.standard.hooks.subprocess.SubprocessHook"}
{"timestamp":"2025-08-21T03:22:44.221452","level":"info","event":"          ^^^^^^^^^^^^^^^^^^^^^^^^^^^^^^^^^^^^^^^^","logger":"airflow.task.hooks.airflow.providers.standard.hooks.subprocess.SubprocessHook"}
{"timestamp":"2025-08-21T03:22:44.239689","level":"info","event":"  File \"/home/airflow/.local/lib/python3.11/site-packages/urllib3/util/util.py\", line 39, in reraise","logger":"airflow.task.hooks.airflow.providers.standard.hooks.subprocess.SubprocessHook"}
{"timestamp":"2025-08-21T03:22:44.239977","level":"info","event":"    raise value","logger":"airflow.task.hooks.airflow.providers.standard.hooks.subprocess.SubprocessHook"}
{"timestamp":"2025-08-21T03:22:44.240284","level":"info","event":"  File \"/home/airflow/.local/lib/python3.11/site-packages/urllib3/connectionpool.py\", line 787, in urlopen","logger":"airflow.task.hooks.airflow.providers.standard.hooks.subprocess.SubprocessHook"}
{"timestamp":"2025-08-21T03:22:44.242066","level":"info","event":"    response = self._make_request(","logger":"airflow.task.hooks.airflow.providers.standard.hooks.subprocess.SubprocessHook"}
{"timestamp":"2025-08-21T03:22:44.242288","level":"info","event":"               ^^^^^^^^^^^^^^^^^^^","logger":"airflow.task.hooks.airflow.providers.standard.hooks.subprocess.SubprocessHook"}
{"timestamp":"2025-08-21T03:22:44.242479","level":"info","event":"  File \"/home/airflow/.local/lib/python3.11/site-packages/urllib3/connectionpool.py\", line 493, in _make_request","logger":"airflow.task.hooks.airflow.providers.standard.hooks.subprocess.SubprocessHook"}
{"timestamp":"2025-08-21T03:22:44.242585","level":"info","event":"    conn.request(","logger":"airflow.task.hooks.airflow.providers.standard.hooks.subprocess.SubprocessHook"}
{"timestamp":"2025-08-21T03:22:44.242696","level":"info","event":"  File \"/home/airflow/.local/lib/python3.11/site-packages/botocore/awsrequest.py\", line 96, in request","logger":"airflow.task.hooks.airflow.providers.standard.hooks.subprocess.SubprocessHook"}
{"timestamp":"2025-08-21T03:22:44.432821","level":"info","event":"    rval = super().request(method, url, body, headers, *args, **kwargs)","logger":"airflow.task.hooks.airflow.providers.standard.hooks.subprocess.SubprocessHook"}
{"timestamp":"2025-08-21T03:22:44.433319","level":"info","event":"           ^^^^^^^^^^^^^^^^^^^^^^^^^^^^^^^^^^^^^^^^^^^^^^^^^^^^^^^^^^^^","logger":"airflow.task.hooks.airflow.providers.standard.hooks.subprocess.SubprocessHook"}
{"timestamp":"2025-08-21T03:22:44.433560","level":"info","event":"  File \"/home/airflow/.local/lib/python3.11/site-packages/urllib3/connection.py\", line 494, in request","logger":"airflow.task.hooks.airflow.providers.standard.hooks.subprocess.SubprocessHook"}
{"timestamp":"2025-08-21T03:22:44.434779","level":"info","event":"    self.endheaders()","logger":"airflow.task.hooks.airflow.providers.standard.hooks.subprocess.SubprocessHook"}
{"timestamp":"2025-08-21T03:22:44.436016","level":"info","event":"  File \"/usr/local/lib/python3.11/http/client.py\", line 1298, in endheaders","logger":"airflow.task.hooks.airflow.providers.standard.hooks.subprocess.SubprocessHook"}
{"timestamp":"2025-08-21T03:22:44.438684","level":"info","event":"    self._send_output(message_body, encode_chunked=encode_chunked)","logger":"airflow.task.hooks.airflow.providers.standard.hooks.subprocess.SubprocessHook"}
{"timestamp":"2025-08-21T03:22:44.439890","level":"info","event":"  File \"/home/airflow/.local/lib/python3.11/site-packages/botocore/awsrequest.py\", line 123, in _send_output","logger":"airflow.task.hooks.airflow.providers.standard.hooks.subprocess.SubprocessHook"}
{"timestamp":"2025-08-21T03:22:44.443272","level":"info","event":"    self.send(msg)","logger":"airflow.task.hooks.airflow.providers.standard.hooks.subprocess.SubprocessHook"}
{"timestamp":"2025-08-21T03:22:44.444165","level":"info","event":"  File \"/home/airflow/.local/lib/python3.11/site-packages/botocore/awsrequest.py\", line 223, in send","logger":"airflow.task.hooks.airflow.providers.standard.hooks.subprocess.SubprocessHook"}
{"timestamp":"2025-08-21T03:22:44.467920","level":"info","event":"    return super().send(str)","logger":"airflow.task.hooks.airflow.providers.standard.hooks.subprocess.SubprocessHook"}
{"timestamp":"2025-08-21T03:22:44.469175","level":"info","event":"           ^^^^^^^^^^^^^^^^^","logger":"airflow.task.hooks.airflow.providers.standard.hooks.subprocess.SubprocessHook"}
{"timestamp":"2025-08-21T03:22:44.469446","level":"info","event":"  File \"/usr/local/lib/python3.11/http/client.py\", line 996, in send","logger":"airflow.task.hooks.airflow.providers.standard.hooks.subprocess.SubprocessHook"}
{"timestamp":"2025-08-21T03:22:44.470051","level":"info","event":"    self.connect()","logger":"airflow.task.hooks.airflow.providers.standard.hooks.subprocess.SubprocessHook"}
{"timestamp":"2025-08-21T03:22:44.470338","level":"info","event":"  File \"/home/airflow/.local/lib/python3.11/site-packages/urllib3/connection.py\", line 325, in connect","logger":"airflow.task.hooks.airflow.providers.standard.hooks.subprocess.SubprocessHook"}
{"timestamp":"2025-08-21T03:22:44.470758","level":"info","event":"    self.sock = self._new_conn()","logger":"airflow.task.hooks.airflow.providers.standard.hooks.subprocess.SubprocessHook"}
{"timestamp":"2025-08-21T03:22:44.471072","level":"info","event":"                ^^^^^^^^^^^^^^^^","logger":"airflow.task.hooks.airflow.providers.standard.hooks.subprocess.SubprocessHook"}
{"timestamp":"2025-08-21T03:22:44.471239","level":"info","event":"  File \"/home/airflow/.local/lib/python3.11/site-packages/urllib3/connection.py\", line 205, in _new_conn","logger":"airflow.task.hooks.airflow.providers.standard.hooks.subprocess.SubprocessHook"}
{"timestamp":"2025-08-21T03:22:44.471666","level":"info","event":"    raise NameResolutionError(self.host, self, e) from e","logger":"airflow.task.hooks.airflow.providers.standard.hooks.subprocess.SubprocessHook"}
{"timestamp":"2025-08-21T03:22:44.471904","level":"info","event":"urllib3.exceptions.NameResolutionError: <botocore.awsrequest.AWSHTTPConnection object at 0x7f104fdf0290>: Failed to resolve 'minio' ([Errno -2] Name or service not known)","logger":"airflow.task.hooks.airflow.providers.standard.hooks.subprocess.SubprocessHook"}
{"timestamp":"2025-08-21T03:22:44.472058","level":"info","event":"","logger":"airflow.task.hooks.airflow.providers.standard.hooks.subprocess.SubprocessHook"}
{"timestamp":"2025-08-21T03:22:44.472232","level":"info","event":"During handling of the above exception, another exception occurred:","logger":"airflow.task.hooks.airflow.providers.standard.hooks.subprocess.SubprocessHook"}
{"timestamp":"2025-08-21T03:22:44.472381","level":"info","event":"","logger":"airflow.task.hooks.airflow.providers.standard.hooks.subprocess.SubprocessHook"}
{"timestamp":"2025-08-21T03:22:44.472521","level":"info","event":"Traceback (most recent call last):","logger":"airflow.task.hooks.airflow.providers.standard.hooks.subprocess.SubprocessHook"}
{"timestamp":"2025-08-21T03:22:44.472821","level":"info","event":"  File \"/opt/airflow/ml_pipeline/data/ingest/etl_task.py\", line 96, in <module>","logger":"airflow.task.hooks.airflow.providers.standard.hooks.subprocess.SubprocessHook"}
{"timestamp":"2025-08-21T03:22:44.510385","level":"info","event":"    main()","logger":"airflow.task.hooks.airflow.providers.standard.hooks.subprocess.SubprocessHook"}
{"timestamp":"2025-08-21T03:22:44.511069","level":"info","event":"  File \"/opt/airflow/ml_pipeline/data/ingest/etl_task.py\", line 92, in main","logger":"airflow.task.hooks.airflow.providers.standard.hooks.subprocess.SubprocessHook"}
{"timestamp":"2025-08-21T03:22:44.525763","level":"info","event":"    upload_to_s3(data, version)","logger":"airflow.task.hooks.airflow.providers.standard.hooks.subprocess.SubprocessHook"}
{"timestamp":"2025-08-21T03:22:44.526329","level":"info","event":"  File \"/opt/airflow/ml_pipeline/data/ingest/etl_task.py\", line 53, in upload_to_s3","logger":"airflow.task.hooks.airflow.providers.standard.hooks.subprocess.SubprocessHook"}
{"timestamp":"2025-08-21T03:22:44.528055","level":"info","event":"    load_upload_minio(s3_uri, filetype=\"pandas\", mode=\"upload\", obj=data)","logger":"airflow.task.hooks.airflow.providers.standard.hooks.subprocess.SubprocessHook"}
{"timestamp":"2025-08-21T03:22:44.529619","level":"info","event":"  File \"/opt/airflow/ml_pipeline/utils/minio/load_upload_minio.py\", line 64, in load_upload_minio","logger":"airflow.task.hooks.airflow.providers.standard.hooks.subprocess.SubprocessHook"}
{"timestamp":"2025-08-21T03:22:44.558975","level":"info","event":"    s3.upload_fileobj(buffer, bucket, key)","logger":"airflow.task.hooks.airflow.providers.standard.hooks.subprocess.SubprocessHook"}
{"timestamp":"2025-08-21T03:22:44.559435","level":"info","event":"  File \"/home/airflow/.local/lib/python3.11/site-packages/botocore/context.py\", line 123, in wrapper","logger":"airflow.task.hooks.airflow.providers.standard.hooks.subprocess.SubprocessHook"}
{"timestamp":"2025-08-21T03:22:44.621323","level":"info","event":"    return func(*args, **kwargs)","logger":"airflow.task.hooks.airflow.providers.standard.hooks.subprocess.SubprocessHook"}
{"timestamp":"2025-08-21T03:22:44.621614","level":"info","event":"           ^^^^^^^^^^^^^^^^^^^^^","logger":"airflow.task.hooks.airflow.providers.standard.hooks.subprocess.SubprocessHook"}
{"timestamp":"2025-08-21T03:22:44.621755","level":"info","event":"  File \"/home/airflow/.local/lib/python3.11/site-packages/boto3/s3/inject.py\", line 675, in upload_fileobj","logger":"airflow.task.hooks.airflow.providers.standard.hooks.subprocess.SubprocessHook"}
{"timestamp":"2025-08-21T03:22:44.648502","level":"info","event":"    return future.result()","logger":"airflow.task.hooks.airflow.providers.standard.hooks.subprocess.SubprocessHook"}
{"timestamp":"2025-08-21T03:22:44.648780","level":"info","event":"           ^^^^^^^^^^^^^^^","logger":"airflow.task.hooks.airflow.providers.standard.hooks.subprocess.SubprocessHook"}
{"timestamp":"2025-08-21T03:22:44.648933","level":"info","event":"  File \"/home/airflow/.local/lib/python3.11/site-packages/s3transfer/futures.py\", line 111, in result","logger":"airflow.task.hooks.airflow.providers.standard.hooks.subprocess.SubprocessHook"}
{"timestamp":"2025-08-21T03:22:44.654473","level":"info","event":"    return self._coordinator.result()","logger":"airflow.task.hooks.airflow.providers.standard.hooks.subprocess.SubprocessHook"}
{"timestamp":"2025-08-21T03:22:44.654751","level":"info","event":"           ^^^^^^^^^^^^^^^^^^^^^^^^^^","logger":"airflow.task.hooks.airflow.providers.standard.hooks.subprocess.SubprocessHook"}
{"timestamp":"2025-08-21T03:22:44.655032","level":"info","event":"  File \"/home/airflow/.local/lib/python3.11/site-packages/s3transfer/futures.py\", line 287, in result","logger":"airflow.task.hooks.airflow.providers.standard.hooks.subprocess.SubprocessHook"}
{"timestamp":"2025-08-21T03:22:44.663573","level":"info","event":"    raise self._exception","logger":"airflow.task.hooks.airflow.providers.standard.hooks.subprocess.SubprocessHook"}
{"timestamp":"2025-08-21T03:22:44.663948","level":"info","event":"  File \"/home/airflow/.local/lib/python3.11/site-packages/s3transfer/tasks.py\", line 142, in __call__","logger":"airflow.task.hooks.airflow.providers.standard.hooks.subprocess.SubprocessHook"}
{"timestamp":"2025-08-21T03:22:44.675991","level":"info","event":"    return self._execute_main(kwargs)","logger":"airflow.task.hooks.airflow.providers.standard.hooks.subprocess.SubprocessHook"}
{"timestamp":"2025-08-21T03:22:44.676998","level":"info","event":"           ^^^^^^^^^^^^^^^^^^^^^^^^^^","logger":"airflow.task.hooks.airflow.providers.standard.hooks.subprocess.SubprocessHook"}
{"timestamp":"2025-08-21T03:22:44.677583","level":"info","event":"  File \"/home/airflow/.local/lib/python3.11/site-packages/s3transfer/tasks.py\", line 165, in _execute_main","logger":"airflow.task.hooks.airflow.providers.standard.hooks.subprocess.SubprocessHook"}
{"timestamp":"2025-08-21T03:22:44.677966","level":"info","event":"    return_value = self._main(**kwargs)","logger":"airflow.task.hooks.airflow.providers.standard.hooks.subprocess.SubprocessHook"}
{"timestamp":"2025-08-21T03:22:44.678332","level":"info","event":"                   ^^^^^^^^^^^^^^^^^^^^","logger":"airflow.task.hooks.airflow.providers.standard.hooks.subprocess.SubprocessHook"}
{"timestamp":"2025-08-21T03:22:44.678644","level":"info","event":"  File \"/home/airflow/.local/lib/python3.11/site-packages/s3transfer/upload.py\", line 796, in _main","logger":"airflow.task.hooks.airflow.providers.standard.hooks.subprocess.SubprocessHook"}
{"timestamp":"2025-08-21T03:22:44.714520","level":"info","event":"    client.put_object(Bucket=bucket, Key=key, Body=body, **extra_args)","logger":"airflow.task.hooks.airflow.providers.standard.hooks.subprocess.SubprocessHook"}
{"timestamp":"2025-08-21T03:22:44.714887","level":"info","event":"  File \"/home/airflow/.local/lib/python3.11/site-packages/botocore/client.py\", line 601, in _api_call","logger":"airflow.task.hooks.airflow.providers.standard.hooks.subprocess.SubprocessHook"}
{"timestamp":"2025-08-21T03:22:44.731064","level":"info","event":"    return self._make_api_call(operation_name, kwargs)","logger":"airflow.task.hooks.airflow.providers.standard.hooks.subprocess.SubprocessHook"}
{"timestamp":"2025-08-21T03:22:44.731480","level":"info","event":"           ^^^^^^^^^^^^^^^^^^^^^^^^^^^^^^^^^^^^^^^^^^^","logger":"airflow.task.hooks.airflow.providers.standard.hooks.subprocess.SubprocessHook"}
{"timestamp":"2025-08-21T03:22:44.731643","level":"info","event":"  File \"/home/airflow/.local/lib/python3.11/site-packages/botocore/context.py\", line 123, in wrapper","logger":"airflow.task.hooks.airflow.providers.standard.hooks.subprocess.SubprocessHook"}
{"timestamp":"2025-08-21T03:22:44.731763","level":"info","event":"    return func(*args, **kwargs)","logger":"airflow.task.hooks.airflow.providers.standard.hooks.subprocess.SubprocessHook"}
{"timestamp":"2025-08-21T03:22:44.731916","level":"info","event":"           ^^^^^^^^^^^^^^^^^^^^^","logger":"airflow.task.hooks.airflow.providers.standard.hooks.subprocess.SubprocessHook"}
{"timestamp":"2025-08-21T03:22:44.732008","level":"info","event":"  File \"/home/airflow/.local/lib/python3.11/site-packages/botocore/client.py\", line 1056, in _make_api_call","logger":"airflow.task.hooks.airflow.providers.standard.hooks.subprocess.SubprocessHook"}
{"timestamp":"2025-08-21T03:22:44.732114","level":"info","event":"    http, parsed_response = self._make_request(","logger":"airflow.task.hooks.airflow.providers.standard.hooks.subprocess.SubprocessHook"}
{"timestamp":"2025-08-21T03:22:44.732272","level":"info","event":"                            ^^^^^^^^^^^^^^^^^^^","logger":"airflow.task.hooks.airflow.providers.standard.hooks.subprocess.SubprocessHook"}
{"timestamp":"2025-08-21T03:22:44.732399","level":"info","event":"  File \"/home/airflow/.local/lib/python3.11/site-packages/botocore/client.py\", line 1080, in _make_request","logger":"airflow.task.hooks.airflow.providers.standard.hooks.subprocess.SubprocessHook"}
{"timestamp":"2025-08-21T03:22:44.732493","level":"info","event":"    return self._endpoint.make_request(operation_model, request_dict)","logger":"airflow.task.hooks.airflow.providers.standard.hooks.subprocess.SubprocessHook"}
{"timestamp":"2025-08-21T03:22:44.732612","level":"info","event":"           ^^^^^^^^^^^^^^^^^^^^^^^^^^^^^^^^^^^^^^^^^^^^^^^^^^^^^^^^^^","logger":"airflow.task.hooks.airflow.providers.standard.hooks.subprocess.SubprocessHook"}
{"timestamp":"2025-08-21T03:22:44.732742","level":"info","event":"  File \"/home/airflow/.local/lib/python3.11/site-packages/botocore/endpoint.py\", line 118, in make_request","logger":"airflow.task.hooks.airflow.providers.standard.hooks.subprocess.SubprocessHook"}
{"timestamp":"2025-08-21T03:22:44.734280","level":"info","event":"    return self._send_request(request_dict, operation_model)","logger":"airflow.task.hooks.airflow.providers.standard.hooks.subprocess.SubprocessHook"}
{"timestamp":"2025-08-21T03:22:44.734453","level":"info","event":"           ^^^^^^^^^^^^^^^^^^^^^^^^^^^^^^^^^^^^^^^^^^^^^^^^^","logger":"airflow.task.hooks.airflow.providers.standard.hooks.subprocess.SubprocessHook"}
{"timestamp":"2025-08-21T03:22:44.734541","level":"info","event":"  File \"/home/airflow/.local/lib/python3.11/site-packages/botocore/endpoint.py\", line 199, in _send_request","logger":"airflow.task.hooks.airflow.providers.standard.hooks.subprocess.SubprocessHook"}
{"timestamp":"2025-08-21T03:22:44.734628","level":"info","event":"    while self._needs_retry(","logger":"airflow.task.hooks.airflow.providers.standard.hooks.subprocess.SubprocessHook"}
{"timestamp":"2025-08-21T03:22:44.734711","level":"info","event":"          ^^^^^^^^^^^^^^^^^^","logger":"airflow.task.hooks.airflow.providers.standard.hooks.subprocess.SubprocessHook"}
{"timestamp":"2025-08-21T03:22:44.734793","level":"info","event":"  File \"/home/airflow/.local/lib/python3.11/site-packages/botocore/endpoint.py\", line 359, in _needs_retry","logger":"airflow.task.hooks.airflow.providers.standard.hooks.subprocess.SubprocessHook"}
{"timestamp":"2025-08-21T03:22:44.734889","level":"info","event":"    responses = self._event_emitter.emit(","logger":"airflow.task.hooks.airflow.providers.standard.hooks.subprocess.SubprocessHook"}
{"timestamp":"2025-08-21T03:22:44.735105","level":"info","event":"                ^^^^^^^^^^^^^^^^^^^^^^^^^","logger":"airflow.task.hooks.airflow.providers.standard.hooks.subprocess.SubprocessHook"}
{"timestamp":"2025-08-21T03:22:44.735460","level":"info","event":"  File \"/home/airflow/.local/lib/python3.11/site-packages/botocore/hooks.py\", line 412, in emit","logger":"airflow.task.hooks.airflow.providers.standard.hooks.subprocess.SubprocessHook"}
{"timestamp":"2025-08-21T03:22:44.743368","level":"info","event":"    return self._emitter.emit(aliased_event_name, **kwargs)","logger":"airflow.task.hooks.airflow.providers.standard.hooks.subprocess.SubprocessHook"}
{"timestamp":"2025-08-21T03:22:44.743853","level":"info","event":"           ^^^^^^^^^^^^^^^^^^^^^^^^^^^^^^^^^^^^^^^^^^^^^^^^","logger":"airflow.task.hooks.airflow.providers.standard.hooks.subprocess.SubprocessHook"}
{"timestamp":"2025-08-21T03:22:44.743993","level":"info","event":"  File \"/home/airflow/.local/lib/python3.11/site-packages/botocore/hooks.py\", line 256, in emit","logger":"airflow.task.hooks.airflow.providers.standard.hooks.subprocess.SubprocessHook"}
{"timestamp":"2025-08-21T03:22:44.744104","level":"info","event":"    return self._emit(event_name, kwargs)","logger":"airflow.task.hooks.airflow.providers.standard.hooks.subprocess.SubprocessHook"}
{"timestamp":"2025-08-21T03:22:44.744232","level":"info","event":"           ^^^^^^^^^^^^^^^^^^^^^^^^^^^^^^","logger":"airflow.task.hooks.airflow.providers.standard.hooks.subprocess.SubprocessHook"}
{"timestamp":"2025-08-21T03:22:44.744321","level":"info","event":"  File \"/home/airflow/.local/lib/python3.11/site-packages/botocore/hooks.py\", line 239, in _emit","logger":"airflow.task.hooks.airflow.providers.standard.hooks.subprocess.SubprocessHook"}
{"timestamp":"2025-08-21T03:22:44.744408","level":"info","event":"    response = handler(**kwargs)","logger":"airflow.task.hooks.airflow.providers.standard.hooks.subprocess.SubprocessHook"}
{"timestamp":"2025-08-21T03:22:44.744520","level":"info","event":"               ^^^^^^^^^^^^^^^^^","logger":"airflow.task.hooks.airflow.providers.standard.hooks.subprocess.SubprocessHook"}
{"timestamp":"2025-08-21T03:22:44.744631","level":"info","event":"  File \"/home/airflow/.local/lib/python3.11/site-packages/botocore/retryhandler.py\", line 207, in __call__","logger":"airflow.task.hooks.airflow.providers.standard.hooks.subprocess.SubprocessHook"}
{"timestamp":"2025-08-21T03:22:44.745204","level":"info","event":"    if self._checker(**checker_kwargs):","logger":"airflow.task.hooks.airflow.providers.standard.hooks.subprocess.SubprocessHook"}
{"timestamp":"2025-08-21T03:22:44.755216","level":"info","event":"       ^^^^^^^^^^^^^^^^^^^^^^^^^^^^^^^","logger":"airflow.task.hooks.airflow.providers.standard.hooks.subprocess.SubprocessHook"}
{"timestamp":"2025-08-21T03:22:44.755972","level":"info","event":"  File \"/home/airflow/.local/lib/python3.11/site-packages/botocore/retryhandler.py\", line 284, in __call__","logger":"airflow.task.hooks.airflow.providers.standard.hooks.subprocess.SubprocessHook"}
{"timestamp":"2025-08-21T03:22:44.756302","level":"info","event":"    should_retry = self._should_retry(","logger":"airflow.task.hooks.airflow.providers.standard.hooks.subprocess.SubprocessHook"}
{"timestamp":"2025-08-21T03:22:44.756632","level":"info","event":"                   ^^^^^^^^^^^^^^^^^^^","logger":"airflow.task.hooks.airflow.providers.standard.hooks.subprocess.SubprocessHook"}
{"timestamp":"2025-08-21T03:22:44.756802","level":"info","event":"  File \"/home/airflow/.local/lib/python3.11/site-packages/botocore/retryhandler.py\", line 320, in _should_retry","logger":"airflow.task.hooks.airflow.providers.standard.hooks.subprocess.SubprocessHook"}
{"timestamp":"2025-08-21T03:22:44.757010","level":"info","event":"    return self._checker(attempt_number, response, caught_exception)","logger":"airflow.task.hooks.airflow.providers.standard.hooks.subprocess.SubprocessHook"}
{"timestamp":"2025-08-21T03:22:44.757184","level":"info","event":"           ^^^^^^^^^^^^^^^^^^^^^^^^^^^^^^^^^^^^^^^^^^^^^^^^^^^^^^^^^","logger":"airflow.task.hooks.airflow.providers.standard.hooks.subprocess.SubprocessHook"}
{"timestamp":"2025-08-21T03:22:44.761868","level":"info","event":"  File \"/home/airflow/.local/lib/python3.11/site-packages/botocore/retryhandler.py\", line 363, in __call__","logger":"airflow.task.hooks.airflow.providers.standard.hooks.subprocess.SubprocessHook"}
{"timestamp":"2025-08-21T03:22:44.762351","level":"info","event":"    checker_response = checker(","logger":"airflow.task.hooks.airflow.providers.standard.hooks.subprocess.SubprocessHook"}
{"timestamp":"2025-08-21T03:22:44.762833","level":"info","event":"                       ^^^^^^^^","logger":"airflow.task.hooks.airflow.providers.standard.hooks.subprocess.SubprocessHook"}
{"timestamp":"2025-08-21T03:22:44.763303","level":"info","event":"  File \"/home/airflow/.local/lib/python3.11/site-packages/botocore/retryhandler.py\", line 247, in __call__","logger":"airflow.task.hooks.airflow.providers.standard.hooks.subprocess.SubprocessHook"}
{"timestamp":"2025-08-21T03:22:44.763861","level":"info","event":"    return self._check_caught_exception(","logger":"airflow.task.hooks.airflow.providers.standard.hooks.subprocess.SubprocessHook"}
{"timestamp":"2025-08-21T03:22:44.768406","level":"info","event":"           ^^^^^^^^^^^^^^^^^^^^^^^^^^^^^","logger":"airflow.task.hooks.airflow.providers.standard.hooks.subprocess.SubprocessHook"}
{"timestamp":"2025-08-21T03:22:44.782148","level":"info","event":"  File \"/home/airflow/.local/lib/python3.11/site-packages/botocore/retryhandler.py\", line 416, in _check_caught_exception","logger":"airflow.task.hooks.airflow.providers.standard.hooks.subprocess.SubprocessHook"}
{"timestamp":"2025-08-21T03:22:44.782689","level":"info","event":"    raise caught_exception","logger":"airflow.task.hooks.airflow.providers.standard.hooks.subprocess.SubprocessHook"}
{"timestamp":"2025-08-21T03:22:44.782968","level":"info","event":"  File \"/home/airflow/.local/lib/python3.11/site-packages/botocore/endpoint.py\", line 278, in _do_get_response","logger":"airflow.task.hooks.airflow.providers.standard.hooks.subprocess.SubprocessHook"}
{"timestamp":"2025-08-21T03:22:44.792783","level":"info","event":"    http_response = self._send(request)","logger":"airflow.task.hooks.airflow.providers.standard.hooks.subprocess.SubprocessHook"}
{"timestamp":"2025-08-21T03:22:44.793295","level":"info","event":"                    ^^^^^^^^^^^^^^^^^^^","logger":"airflow.task.hooks.airflow.providers.standard.hooks.subprocess.SubprocessHook"}
{"timestamp":"2025-08-21T03:22:44.793498","level":"info","event":"  File \"/home/airflow/.local/lib/python3.11/site-packages/botocore/endpoint.py\", line 382, in _send","logger":"airflow.task.hooks.airflow.providers.standard.hooks.subprocess.SubprocessHook"}
{"timestamp":"2025-08-21T03:22:44.793651","level":"info","event":"    return self.http_session.send(request)","logger":"airflow.task.hooks.airflow.providers.standard.hooks.subprocess.SubprocessHook"}
{"timestamp":"2025-08-21T03:22:44.793761","level":"info","event":"           ^^^^^^^^^^^^^^^^^^^^^^^^^^^^^^^","logger":"airflow.task.hooks.airflow.providers.standard.hooks.subprocess.SubprocessHook"}
{"timestamp":"2025-08-21T03:22:44.794031","level":"info","event":"  File \"/home/airflow/.local/lib/python3.11/site-packages/botocore/httpsession.py\", line 493, in send","logger":"airflow.task.hooks.airflow.providers.standard.hooks.subprocess.SubprocessHook"}
{"timestamp":"2025-08-21T03:22:44.794170","level":"info","event":"    raise EndpointConnectionError(endpoint_url=request.url, error=e)","logger":"airflow.task.hooks.airflow.providers.standard.hooks.subprocess.SubprocessHook"}
{"timestamp":"2025-08-21T03:22:44.794582","level":"info","event":"botocore.exceptions.EndpointConnectionError: Could not connect to the endpoint URL: \"http://minio:9000/mlflow-artifacts/data/raw/fraud_data_v20250821_032234.csv\"","logger":"airflow.task.hooks.airflow.providers.standard.hooks.subprocess.SubprocessHook"}
{"timestamp":"2025-08-21T03:22:45.523810","level":"info","event":"ERROR: failed to reproduce 'ingest': failed to run: python data/ingest/etl_task.py && python data/ingest/download_data.py, exited with 1","logger":"airflow.task.hooks.airflow.providers.standard.hooks.subprocess.SubprocessHook"}
{"timestamp":"2025-08-21T03:23:03.713805","level":"info","event":"ERROR: unexpected error - Could not connect to the endpoint URL: \"http://minio:9000/mlflow-artifacts/files/md5/b6/79c3e14ee6beda00112abfdaafe74c.dir\"","logger":"airflow.task.hooks.airflow.providers.standard.hooks.subprocess.SubprocessHook"}
{"timestamp":"2025-08-21T03:23:03.714190","level":"info","event":"","logger":"airflow.task.hooks.airflow.providers.standard.hooks.subprocess.SubprocessHook"}
{"timestamp":"2025-08-21T03:23:03.714434","level":"info","event":"Having any troubles? Hit us up at https://dvc.org/support, we are always happy to help!","logger":"airflow.task.hooks.airflow.providers.standard.hooks.subprocess.SubprocessHook"}
{"timestamp":"2025-08-21T03:23:05.794702","level":"info","event":"Command exited with return code 255","logger":"airflow.task.hooks.airflow.providers.standard.hooks.subprocess.SubprocessHook"}
{"timestamp":"2025-08-21T03:23:05.807672","level":"error","event":"Task failed with exception","logger":"task","error_detail":[{"exc_type":"AirflowException","exc_value":"Bash command failed. The command returned a non-zero exit code 255.","exc_notes":[],"syntax_error":null,"is_cause":false,"frames":[{"filename":"/home/airflow/.local/lib/python3.11/site-packages/airflow/sdk/execution_time/task_runner.py","lineno":918,"name":"run"},{"filename":"/home/airflow/.local/lib/python3.11/site-packages/airflow/sdk/execution_time/task_runner.py","lineno":1213,"name":"_execute_task"},{"filename":"/home/airflow/.local/lib/python3.11/site-packages/airflow/sdk/bases/operator.py","lineno":397,"name":"wrapper"},{"filename":"/home/airflow/.local/lib/python3.11/site-packages/airflow/providers/standard/operators/bash.py","lineno":232,"name":"execute"}],"is_group":false,"exceptions":[]}]}
